[INFO] [09:54:23.185] [JavaFX Application Thread] [] com.zzg.mybatis.generator.util.ConnectionManager.getConnection:20 --> database FilePath :/Users/yfs/workspace/utils/generator/./config/sqlite3.db
[INFO] [09:56:29.247] [JavaFX Application Thread] [] com.zzg.mybatis.generator.util.ConfigHelper.getAllJDBCDriverJarPaths:238 --> jar lib path: /Users/yfs/workspace/utils/mybatis-generator-gui/src/main/resources/lib
[INFO] [09:56:29.248] [JavaFX Application Thread] [] com.zzg.mybatis.generator.util.ConfigHelper.getAllJDBCDriverJarPaths:242 --> jar file: /Users/yfs/workspace/utils/mybatis-generator-gui/src/main/resources/lib/mysql-connector-java-5.1.38.jar
[INFO] [09:56:29.249] [JavaFX Application Thread] [] com.zzg.mybatis.generator.util.ConfigHelper.getAllJDBCDriverJarPaths:242 --> jar file: /Users/yfs/workspace/utils/mybatis-generator-gui/src/main/resources/lib/sqljdbc4-4.0.jar
[INFO] [09:56:29.249] [JavaFX Application Thread] [] com.zzg.mybatis.generator.util.ConfigHelper.getAllJDBCDriverJarPaths:242 --> jar file: /Users/yfs/workspace/utils/mybatis-generator-gui/src/main/resources/lib/sqlite-jdbc-3.19.3.jar
[INFO] [09:56:29.249] [JavaFX Application Thread] [] com.zzg.mybatis.generator.util.ConfigHelper.getAllJDBCDriverJarPaths:242 --> jar file: /Users/yfs/workspace/utils/mybatis-generator-gui/src/main/resources/lib/postgresql-9.4.1209.jar
[INFO] [09:56:29.249] [JavaFX Application Thread] [] com.zzg.mybatis.generator.util.ConfigHelper.getAllJDBCDriverJarPaths:242 --> jar file: /Users/yfs/workspace/utils/mybatis-generator-gui/src/main/resources/lib/ojdbc6.jar
[INFO] [09:56:29.249] [JavaFX Application Thread] [] com.zzg.mybatis.generator.util.ConfigHelper.getAllJDBCDriverJarPaths:242 --> jar file: /Users/yfs/workspace/utils/mybatis-generator-gui/src/main/resources/lib/mysql-connector-java-8.0.11.jar
[INFO] [09:56:29.258] [JavaFX Application Thread] [] com.zzg.mybatis.generator.util.DbUtil.loadDbDriver:222 --> load driver class: com.mysql.jdbc.Driver@18b0dc42
[INFO] [09:56:29.259] [JavaFX Application Thread] [] com.zzg.mybatis.generator.util.DbUtil.getConnectionUrlWithSchema:208 --> getConnectionUrlWithSchema, connection url: jdbc:mysql://10.155.10.38:4502/db_ultron_tools?useUnicode=true&useSSL=false&characterEncoding=utf8
[INFO] [09:56:29.547] [JavaFX Application Thread] [] com.zzg.mybatis.generator.util.DbUtil.getConnection:133 --> getConnection, connection url: com.mysql.jdbc.JDBC4Connection@545e4950
[INFO] [09:58:12.078] [JavaFX Application Thread] [] com.zzg.mybatis.generator.util.ConfigHelper.findConnectorLibPath:215 --> jar resource: file:/Users/yfs/workspace/utils/mybatis-generator-gui/target/classes/logback.xml
[INFO] [09:58:12.080] [JavaFX Application Thread] [] com.zzg.mybatis.generator.bridge.MybatisGeneratorBridge.generate:66 --> connectorLibPath: /Users/yfs/workspace/utils/mybatis-generator-gui/target/classes/lib/mysql-connector-java-5.1.38.jar
[INFO] [09:58:12.082] [JavaFX Application Thread] [] com.zzg.mybatis.generator.util.DbUtil.getConnectionUrlWithSchema:208 --> getConnectionUrlWithSchema, connection url: jdbc:mysql://10.155.10.38:4502/db_ultron_tools?useUnicode=true&useSSL=false&characterEncoding=utf8
[DEBUG] [09:58:12.349] [JavaFX Application Thread] [] org.mybatis.generator.logging.LogFactory.setImplementation:105 --> Logging initialized using 'org.mybatis.generator.logging.slf4j.Slf4jLoggingLogFactory@633a722c' adapter.
[DEBUG] [09:58:12.352] [JavaFX Application Thread] [] org.mybatis.generator.internal.db.DatabaseIntrospector.getColumns:506 --> Retrieving column information for table "db_ultron_tools.sso_wx_send_record"
[DEBUG] [09:58:12.623] [JavaFX Application Thread] [] org.mybatis.generator.internal.db.DatabaseIntrospector.getColumns:563 --> Found column "id", data type 4, in table "db_ultron_tools..sso_wx_send_record"
[DEBUG] [09:58:12.624] [JavaFX Application Thread] [] org.mybatis.generator.internal.db.DatabaseIntrospector.getColumns:563 --> Found column "tutor_wx_id", data type 12, in table "db_ultron_tools..sso_wx_send_record"
[DEBUG] [09:58:12.624] [JavaFX Application Thread] [] org.mybatis.generator.internal.db.DatabaseIntrospector.getColumns:563 --> Found column "user_wx_id", data type 12, in table "db_ultron_tools..sso_wx_send_record"
[DEBUG] [09:58:12.624] [JavaFX Application Thread] [] org.mybatis.generator.internal.db.DatabaseIntrospector.getColumns:563 --> Found column "tutor_id", data type 4, in table "db_ultron_tools..sso_wx_send_record"
[DEBUG] [09:58:12.625] [JavaFX Application Thread] [] org.mybatis.generator.internal.db.DatabaseIntrospector.getColumns:563 --> Found column "user_id", data type 4, in table "db_ultron_tools..sso_wx_send_record"
[DEBUG] [09:58:12.625] [JavaFX Application Thread] [] org.mybatis.generator.internal.db.DatabaseIntrospector.getColumns:563 --> Found column "sub_class_id", data type 4, in table "db_ultron_tools..sso_wx_send_record"
[DEBUG] [09:58:12.625] [JavaFX Application Thread] [] org.mybatis.generator.internal.db.DatabaseIntrospector.getColumns:563 --> Found column "send_time_end", data type 93, in table "db_ultron_tools..sso_wx_send_record"
[DEBUG] [09:58:12.626] [JavaFX Application Thread] [] org.mybatis.generator.internal.db.DatabaseIntrospector.getColumns:563 --> Found column "content", data type 12, in table "db_ultron_tools..sso_wx_send_record"
[DEBUG] [09:58:12.626] [JavaFX Application Thread] [] org.mybatis.generator.internal.db.DatabaseIntrospector.getColumns:563 --> Found column "source", data type -6, in table "db_ultron_tools..sso_wx_send_record"
[DEBUG] [09:58:12.627] [JavaFX Application Thread] [] org.mybatis.generator.internal.db.DatabaseIntrospector.getColumns:563 --> Found column "status", data type -6, in table "db_ultron_tools..sso_wx_send_record"
[DEBUG] [09:58:12.627] [JavaFX Application Thread] [] org.mybatis.generator.internal.db.DatabaseIntrospector.getColumns:563 --> Found column "create_time", data type 93, in table "db_ultron_tools..sso_wx_send_record"
[DEBUG] [09:58:12.627] [JavaFX Application Thread] [] org.mybatis.generator.internal.db.DatabaseIntrospector.getColumns:563 --> Found column "update_time", data type 93, in table "db_ultron_tools..sso_wx_send_record"
[DEBUG] [09:58:12.628] [JavaFX Application Thread] [] org.mybatis.generator.internal.db.DatabaseIntrospector.getColumns:563 --> Found column "create_id", data type 4, in table "db_ultron_tools..sso_wx_send_record"
[DEBUG] [09:58:12.628] [JavaFX Application Thread] [] org.mybatis.generator.internal.db.DatabaseIntrospector.getColumns:563 --> Found column "update_id", data type 4, in table "db_ultron_tools..sso_wx_send_record"
[DEBUG] [09:58:12.628] [JavaFX Application Thread] [] org.mybatis.generator.internal.db.DatabaseIntrospector.getColumns:563 --> Found column "is_delete", data type -6, in table "db_ultron_tools..sso_wx_send_record"
[INFO] [11:23:48.387] [JavaFX Application Thread] [] com.zzg.mybatis.generator.util.ConnectionManager.getConnection:20 --> database FilePath :/Users/yfs/workspace/utils/generator/./config/sqlite3.db
[INFO] [11:23:54.200] [JavaFX Application Thread] [] com.zzg.mybatis.generator.util.ConfigHelper.getAllJDBCDriverJarPaths:238 --> jar lib path: /Users/yfs/workspace/utils/mybatis-generator-gui/src/main/resources/lib
[INFO] [11:23:54.201] [JavaFX Application Thread] [] com.zzg.mybatis.generator.util.ConfigHelper.getAllJDBCDriverJarPaths:242 --> jar file: /Users/yfs/workspace/utils/mybatis-generator-gui/src/main/resources/lib/mysql-connector-java-5.1.38.jar
[INFO] [11:23:54.202] [JavaFX Application Thread] [] com.zzg.mybatis.generator.util.ConfigHelper.getAllJDBCDriverJarPaths:242 --> jar file: /Users/yfs/workspace/utils/mybatis-generator-gui/src/main/resources/lib/sqljdbc4-4.0.jar
[INFO] [11:23:54.202] [JavaFX Application Thread] [] com.zzg.mybatis.generator.util.ConfigHelper.getAllJDBCDriverJarPaths:242 --> jar file: /Users/yfs/workspace/utils/mybatis-generator-gui/src/main/resources/lib/sqlite-jdbc-3.19.3.jar
[INFO] [11:23:54.202] [JavaFX Application Thread] [] com.zzg.mybatis.generator.util.ConfigHelper.getAllJDBCDriverJarPaths:242 --> jar file: /Users/yfs/workspace/utils/mybatis-generator-gui/src/main/resources/lib/postgresql-9.4.1209.jar
[INFO] [11:23:54.202] [JavaFX Application Thread] [] com.zzg.mybatis.generator.util.ConfigHelper.getAllJDBCDriverJarPaths:242 --> jar file: /Users/yfs/workspace/utils/mybatis-generator-gui/src/main/resources/lib/ojdbc6.jar
[INFO] [11:23:54.203] [JavaFX Application Thread] [] com.zzg.mybatis.generator.util.ConfigHelper.getAllJDBCDriverJarPaths:242 --> jar file: /Users/yfs/workspace/utils/mybatis-generator-gui/src/main/resources/lib/mysql-connector-java-8.0.11.jar
[INFO] [11:23:54.212] [JavaFX Application Thread] [] com.zzg.mybatis.generator.util.DbUtil.loadDbDriver:222 --> load driver class: com.mysql.jdbc.Driver@110cad7f
[INFO] [11:23:54.213] [JavaFX Application Thread] [] com.zzg.mybatis.generator.util.DbUtil.getConnectionUrlWithSchema:208 --> getConnectionUrlWithSchema, connection url: jdbc:mysql://10.155.10.38:4502/db_ultron_tools?useUnicode=true&useSSL=false&characterEncoding=utf8
[INFO] [11:23:54.584] [JavaFX Application Thread] [] com.zzg.mybatis.generator.util.DbUtil.getConnection:133 --> getConnection, connection url: com.mysql.jdbc.JDBC4Connection@dd3417
[INFO] [11:24:34.014] [JavaFX Application Thread] [] com.zzg.mybatis.generator.util.ConfigHelper.findConnectorLibPath:215 --> jar resource: file:/Users/yfs/workspace/utils/mybatis-generator-gui/target/classes/logback.xml
[INFO] [11:24:34.015] [JavaFX Application Thread] [] com.zzg.mybatis.generator.bridge.MybatisGeneratorBridge.generate:66 --> connectorLibPath: /Users/yfs/workspace/utils/mybatis-generator-gui/target/classes/lib/mysql-connector-java-5.1.38.jar
[INFO] [11:24:34.018] [JavaFX Application Thread] [] com.zzg.mybatis.generator.util.DbUtil.getConnectionUrlWithSchema:208 --> getConnectionUrlWithSchema, connection url: jdbc:mysql://10.155.10.38:4502/db_ultron_tools?useUnicode=true&useSSL=false&characterEncoding=utf8
[DEBUG] [11:24:34.373] [JavaFX Application Thread] [] org.mybatis.generator.logging.LogFactory.setImplementation:105 --> Logging initialized using 'org.mybatis.generator.logging.slf4j.Slf4jLoggingLogFactory@498ae09e' adapter.
[DEBUG] [11:24:34.378] [JavaFX Application Thread] [] org.mybatis.generator.internal.db.DatabaseIntrospector.getColumns:506 --> Retrieving column information for table "db_ultron_tools.sso_wx_send_record"
[DEBUG] [11:24:34.436] [JavaFX Application Thread] [] org.mybatis.generator.internal.db.DatabaseIntrospector.getColumns:563 --> Found column "id", data type 4, in table "db_ultron_tools..sso_wx_send_record"
[DEBUG] [11:24:34.437] [JavaFX Application Thread] [] org.mybatis.generator.internal.db.DatabaseIntrospector.getColumns:563 --> Found column "tutor_wx_id", data type 12, in table "db_ultron_tools..sso_wx_send_record"
[DEBUG] [11:24:34.437] [JavaFX Application Thread] [] org.mybatis.generator.internal.db.DatabaseIntrospector.getColumns:563 --> Found column "user_wx_id", data type 12, in table "db_ultron_tools..sso_wx_send_record"
[DEBUG] [11:24:34.438] [JavaFX Application Thread] [] org.mybatis.generator.internal.db.DatabaseIntrospector.getColumns:563 --> Found column "tutor_id", data type 4, in table "db_ultron_tools..sso_wx_send_record"
[DEBUG] [11:24:34.438] [JavaFX Application Thread] [] org.mybatis.generator.internal.db.DatabaseIntrospector.getColumns:563 --> Found column "user_id", data type 4, in table "db_ultron_tools..sso_wx_send_record"
[DEBUG] [11:24:34.439] [JavaFX Application Thread] [] org.mybatis.generator.internal.db.DatabaseIntrospector.getColumns:563 --> Found column "sub_class_id", data type 4, in table "db_ultron_tools..sso_wx_send_record"
[DEBUG] [11:24:34.439] [JavaFX Application Thread] [] org.mybatis.generator.internal.db.DatabaseIntrospector.getColumns:563 --> Found column "send_time_end", data type 93, in table "db_ultron_tools..sso_wx_send_record"
[DEBUG] [11:24:34.440] [JavaFX Application Thread] [] org.mybatis.generator.internal.db.DatabaseIntrospector.getColumns:563 --> Found column "batch_number", data type 8, in table "db_ultron_tools..sso_wx_send_record"
[DEBUG] [11:24:34.440] [JavaFX Application Thread] [] org.mybatis.generator.internal.db.DatabaseIntrospector.getColumns:563 --> Found column "content", data type 12, in table "db_ultron_tools..sso_wx_send_record"
[DEBUG] [11:24:34.440] [JavaFX Application Thread] [] org.mybatis.generator.internal.db.DatabaseIntrospector.getColumns:563 --> Found column "source", data type -6, in table "db_ultron_tools..sso_wx_send_record"
[DEBUG] [11:24:34.441] [JavaFX Application Thread] [] org.mybatis.generator.internal.db.DatabaseIntrospector.getColumns:563 --> Found column "status", data type -6, in table "db_ultron_tools..sso_wx_send_record"
[DEBUG] [11:24:34.441] [JavaFX Application Thread] [] org.mybatis.generator.internal.db.DatabaseIntrospector.getColumns:563 --> Found column "create_time", data type 93, in table "db_ultron_tools..sso_wx_send_record"
[DEBUG] [11:24:34.442] [JavaFX Application Thread] [] org.mybatis.generator.internal.db.DatabaseIntrospector.getColumns:563 --> Found column "update_time", data type 93, in table "db_ultron_tools..sso_wx_send_record"
[DEBUG] [11:24:34.442] [JavaFX Application Thread] [] org.mybatis.generator.internal.db.DatabaseIntrospector.getColumns:563 --> Found column "create_id", data type 4, in table "db_ultron_tools..sso_wx_send_record"
[DEBUG] [11:24:34.442] [JavaFX Application Thread] [] org.mybatis.generator.internal.db.DatabaseIntrospector.getColumns:563 --> Found column "update_id", data type 4, in table "db_ultron_tools..sso_wx_send_record"
[DEBUG] [11:24:34.443] [JavaFX Application Thread] [] org.mybatis.generator.internal.db.DatabaseIntrospector.getColumns:563 --> Found column "is_delete", data type -6, in table "db_ultron_tools..sso_wx_send_record"
[INFO] [11:27:23.674] [JavaFX Application Thread] [] com.zzg.mybatis.generator.util.ConnectionManager.getConnection:20 --> database FilePath :/Users/yfs/workspace/utils/generator/./config/sqlite3.db
[INFO] [11:27:28.634] [JavaFX Application Thread] [] com.zzg.mybatis.generator.util.ConfigHelper.getAllJDBCDriverJarPaths:238 --> jar lib path: /Users/yfs/workspace/utils/mybatis-generator-gui/src/main/resources/lib
[INFO] [11:27:28.635] [JavaFX Application Thread] [] com.zzg.mybatis.generator.util.ConfigHelper.getAllJDBCDriverJarPaths:242 --> jar file: /Users/yfs/workspace/utils/mybatis-generator-gui/src/main/resources/lib/mysql-connector-java-5.1.38.jar
[INFO] [11:27:28.635] [JavaFX Application Thread] [] com.zzg.mybatis.generator.util.ConfigHelper.getAllJDBCDriverJarPaths:242 --> jar file: /Users/yfs/workspace/utils/mybatis-generator-gui/src/main/resources/lib/sqljdbc4-4.0.jar
[INFO] [11:27:28.636] [JavaFX Application Thread] [] com.zzg.mybatis.generator.util.ConfigHelper.getAllJDBCDriverJarPaths:242 --> jar file: /Users/yfs/workspace/utils/mybatis-generator-gui/src/main/resources/lib/sqlite-jdbc-3.19.3.jar
[INFO] [11:27:28.636] [JavaFX Application Thread] [] com.zzg.mybatis.generator.util.ConfigHelper.getAllJDBCDriverJarPaths:242 --> jar file: /Users/yfs/workspace/utils/mybatis-generator-gui/src/main/resources/lib/postgresql-9.4.1209.jar
[INFO] [11:27:28.636] [JavaFX Application Thread] [] com.zzg.mybatis.generator.util.ConfigHelper.getAllJDBCDriverJarPaths:242 --> jar file: /Users/yfs/workspace/utils/mybatis-generator-gui/src/main/resources/lib/ojdbc6.jar
[INFO] [11:27:28.636] [JavaFX Application Thread] [] com.zzg.mybatis.generator.util.ConfigHelper.getAllJDBCDriverJarPaths:242 --> jar file: /Users/yfs/workspace/utils/mybatis-generator-gui/src/main/resources/lib/mysql-connector-java-8.0.11.jar
[INFO] [11:27:28.643] [JavaFX Application Thread] [] com.zzg.mybatis.generator.util.DbUtil.loadDbDriver:222 --> load driver class: com.mysql.jdbc.Driver@6435197a
[INFO] [11:27:28.643] [JavaFX Application Thread] [] com.zzg.mybatis.generator.util.DbUtil.getConnectionUrlWithSchema:208 --> getConnectionUrlWithSchema, connection url: jdbc:mysql://10.155.10.38:4502/db_ultron_tools?useUnicode=true&useSSL=false&characterEncoding=utf8
[INFO] [11:27:28.961] [JavaFX Application Thread] [] com.zzg.mybatis.generator.util.DbUtil.getConnection:133 --> getConnection, connection url: com.mysql.jdbc.JDBC4Connection@29605c7c
[INFO] [11:28:08.749] [JavaFX Application Thread] [] com.zzg.mybatis.generator.util.ConfigHelper.findConnectorLibPath:215 --> jar resource: file:/Users/yfs/workspace/utils/mybatis-generator-gui/target/classes/logback.xml
[INFO] [11:28:08.749] [JavaFX Application Thread] [] com.zzg.mybatis.generator.bridge.MybatisGeneratorBridge.generate:66 --> connectorLibPath: /Users/yfs/workspace/utils/mybatis-generator-gui/target/classes/lib/mysql-connector-java-5.1.38.jar
[INFO] [11:28:08.751] [JavaFX Application Thread] [] com.zzg.mybatis.generator.util.DbUtil.getConnectionUrlWithSchema:208 --> getConnectionUrlWithSchema, connection url: jdbc:mysql://10.155.10.38:4502/db_ultron_tools?useUnicode=true&useSSL=false&characterEncoding=utf8
[DEBUG] [11:28:09.112] [JavaFX Application Thread] [] org.mybatis.generator.logging.LogFactory.setImplementation:105 --> Logging initialized using 'org.mybatis.generator.logging.slf4j.Slf4jLoggingLogFactory@574aa1f7' adapter.
[DEBUG] [11:28:09.116] [JavaFX Application Thread] [] org.mybatis.generator.internal.db.DatabaseIntrospector.getColumns:506 --> Retrieving column information for table "db_ultron_tools.sso_wx_send_record"
[DEBUG] [11:28:09.172] [JavaFX Application Thread] [] org.mybatis.generator.internal.db.DatabaseIntrospector.getColumns:563 --> Found column "id", data type 4, in table "db_ultron_tools..sso_wx_send_record"
[DEBUG] [11:28:09.173] [JavaFX Application Thread] [] org.mybatis.generator.internal.db.DatabaseIntrospector.getColumns:563 --> Found column "tutor_wx_id", data type 12, in table "db_ultron_tools..sso_wx_send_record"
[DEBUG] [11:28:09.173] [JavaFX Application Thread] [] org.mybatis.generator.internal.db.DatabaseIntrospector.getColumns:563 --> Found column "user_wx_id", data type 12, in table "db_ultron_tools..sso_wx_send_record"
[DEBUG] [11:28:09.174] [JavaFX Application Thread] [] org.mybatis.generator.internal.db.DatabaseIntrospector.getColumns:563 --> Found column "tutor_id", data type 4, in table "db_ultron_tools..sso_wx_send_record"
[DEBUG] [11:28:09.174] [JavaFX Application Thread] [] org.mybatis.generator.internal.db.DatabaseIntrospector.getColumns:563 --> Found column "user_id", data type 4, in table "db_ultron_tools..sso_wx_send_record"
[DEBUG] [11:28:09.174] [JavaFX Application Thread] [] org.mybatis.generator.internal.db.DatabaseIntrospector.getColumns:563 --> Found column "sub_class_id", data type 4, in table "db_ultron_tools..sso_wx_send_record"
[DEBUG] [11:28:09.175] [JavaFX Application Thread] [] org.mybatis.generator.internal.db.DatabaseIntrospector.getColumns:563 --> Found column "send_time_end", data type 93, in table "db_ultron_tools..sso_wx_send_record"
[DEBUG] [11:28:09.175] [JavaFX Application Thread] [] org.mybatis.generator.internal.db.DatabaseIntrospector.getColumns:563 --> Found column "batch_number", data type -5, in table "db_ultron_tools..sso_wx_send_record"
[DEBUG] [11:28:09.176] [JavaFX Application Thread] [] org.mybatis.generator.internal.db.DatabaseIntrospector.getColumns:563 --> Found column "content", data type 12, in table "db_ultron_tools..sso_wx_send_record"
[DEBUG] [11:28:09.176] [JavaFX Application Thread] [] org.mybatis.generator.internal.db.DatabaseIntrospector.getColumns:563 --> Found column "source", data type -6, in table "db_ultron_tools..sso_wx_send_record"
[DEBUG] [11:28:09.177] [JavaFX Application Thread] [] org.mybatis.generator.internal.db.DatabaseIntrospector.getColumns:563 --> Found column "status", data type -6, in table "db_ultron_tools..sso_wx_send_record"
[DEBUG] [11:28:09.177] [JavaFX Application Thread] [] org.mybatis.generator.internal.db.DatabaseIntrospector.getColumns:563 --> Found column "create_time", data type 93, in table "db_ultron_tools..sso_wx_send_record"
[DEBUG] [11:28:09.177] [JavaFX Application Thread] [] org.mybatis.generator.internal.db.DatabaseIntrospector.getColumns:563 --> Found column "update_time", data type 93, in table "db_ultron_tools..sso_wx_send_record"
[DEBUG] [11:28:09.178] [JavaFX Application Thread] [] org.mybatis.generator.internal.db.DatabaseIntrospector.getColumns:563 --> Found column "create_id", data type 4, in table "db_ultron_tools..sso_wx_send_record"
[DEBUG] [11:28:09.178] [JavaFX Application Thread] [] org.mybatis.generator.internal.db.DatabaseIntrospector.getColumns:563 --> Found column "update_id", data type 4, in table "db_ultron_tools..sso_wx_send_record"
[DEBUG] [11:28:09.179] [JavaFX Application Thread] [] org.mybatis.generator.internal.db.DatabaseIntrospector.getColumns:563 --> Found column "is_delete", data type -6, in table "db_ultron_tools..sso_wx_send_record"
