[INFO] [20:34:07.643] [JavaFX Application Thread] [] com.zzg.mybatis.generator.util.ConnectionManager.getConnection:20 --> database FilePath :/Users/yfs/workspace/utils/generator/./config/sqlite3.db
[INFO] [20:34:10.919] [JavaFX Application Thread] [] com.zzg.mybatis.generator.util.ConfigHelper.getAllJDBCDriverJarPaths:238 --> jar lib path: /Users/yfs/workspace/utils/mybatis-generator-gui/src/main/resources/lib
[INFO] [20:34:10.920] [JavaFX Application Thread] [] com.zzg.mybatis.generator.util.ConfigHelper.getAllJDBCDriverJarPaths:242 --> jar file: /Users/yfs/workspace/utils/mybatis-generator-gui/src/main/resources/lib/mysql-connector-java-5.1.38.jar
[INFO] [20:34:10.920] [JavaFX Application Thread] [] com.zzg.mybatis.generator.util.ConfigHelper.getAllJDBCDriverJarPaths:242 --> jar file: /Users/yfs/workspace/utils/mybatis-generator-gui/src/main/resources/lib/sqljdbc4-4.0.jar
[INFO] [20:34:10.920] [JavaFX Application Thread] [] com.zzg.mybatis.generator.util.ConfigHelper.getAllJDBCDriverJarPaths:242 --> jar file: /Users/yfs/workspace/utils/mybatis-generator-gui/src/main/resources/lib/sqlite-jdbc-3.19.3.jar
[INFO] [20:34:10.920] [JavaFX Application Thread] [] com.zzg.mybatis.generator.util.ConfigHelper.getAllJDBCDriverJarPaths:242 --> jar file: /Users/yfs/workspace/utils/mybatis-generator-gui/src/main/resources/lib/postgresql-9.4.1209.jar
[INFO] [20:34:10.921] [JavaFX Application Thread] [] com.zzg.mybatis.generator.util.ConfigHelper.getAllJDBCDriverJarPaths:242 --> jar file: /Users/yfs/workspace/utils/mybatis-generator-gui/src/main/resources/lib/ojdbc6.jar
[INFO] [20:34:10.921] [JavaFX Application Thread] [] com.zzg.mybatis.generator.util.ConfigHelper.getAllJDBCDriverJarPaths:242 --> jar file: /Users/yfs/workspace/utils/mybatis-generator-gui/src/main/resources/lib/mysql-connector-java-8.0.11.jar
[INFO] [20:34:10.926] [JavaFX Application Thread] [] com.zzg.mybatis.generator.util.DbUtil.loadDbDriver:222 --> load driver class: com.mysql.jdbc.Driver@265c7931
[INFO] [20:34:10.927] [JavaFX Application Thread] [] com.zzg.mybatis.generator.util.DbUtil.getConnectionUrlWithSchema:208 --> getConnectionUrlWithSchema, connection url: jdbc:mysql://10.155.10.38:4502/db_ultron_tools?useUnicode=true&useSSL=false&characterEncoding=utf8
[INFO] [20:34:11.319] [JavaFX Application Thread] [] com.zzg.mybatis.generator.util.DbUtil.getConnection:133 --> getConnection, connection url: com.mysql.jdbc.JDBC4Connection@22756b63
[INFO] [20:35:17.799] [JavaFX Application Thread] [] com.zzg.mybatis.generator.util.ConfigHelper.findConnectorLibPath:215 --> jar resource: file:/Users/yfs/workspace/utils/mybatis-generator-gui/target/classes/logback.xml
[INFO] [20:35:17.800] [JavaFX Application Thread] [] com.zzg.mybatis.generator.bridge.MybatisGeneratorBridge.generate:66 --> connectorLibPath: /Users/yfs/workspace/utils/mybatis-generator-gui/target/classes/lib/mysql-connector-java-5.1.38.jar
[INFO] [20:35:17.803] [JavaFX Application Thread] [] com.zzg.mybatis.generator.util.DbUtil.getConnectionUrlWithSchema:208 --> getConnectionUrlWithSchema, connection url: jdbc:mysql://10.155.10.38:4502/db_ultron_tools?useUnicode=true&useSSL=false&characterEncoding=utf8
[DEBUG] [20:35:18.206] [JavaFX Application Thread] [] org.mybatis.generator.logging.LogFactory.setImplementation:105 --> Logging initialized using 'org.mybatis.generator.logging.slf4j.Slf4jLoggingLogFactory@35788d6c' adapter.
[DEBUG] [20:35:18.209] [JavaFX Application Thread] [] org.mybatis.generator.internal.db.DatabaseIntrospector.getColumns:506 --> Retrieving column information for table "db_ultron_tools.sso_wx_send_record"
[DEBUG] [20:35:18.262] [JavaFX Application Thread] [] org.mybatis.generator.internal.db.DatabaseIntrospector.getColumns:563 --> Found column "id", data type 4, in table "db_ultron_tools..sso_wx_send_record"
[DEBUG] [20:35:18.263] [JavaFX Application Thread] [] org.mybatis.generator.internal.db.DatabaseIntrospector.getColumns:563 --> Found column "ultron_result_message", data type 12, in table "db_ultron_tools..sso_wx_send_record"
[DEBUG] [20:35:18.264] [JavaFX Application Thread] [] org.mybatis.generator.internal.db.DatabaseIntrospector.getColumns:563 --> Found column "tutor_wx_id", data type 12, in table "db_ultron_tools..sso_wx_send_record"
[DEBUG] [20:35:18.264] [JavaFX Application Thread] [] org.mybatis.generator.internal.db.DatabaseIntrospector.getColumns:563 --> Found column "user_wx_id", data type 12, in table "db_ultron_tools..sso_wx_send_record"
[DEBUG] [20:35:18.264] [JavaFX Application Thread] [] org.mybatis.generator.internal.db.DatabaseIntrospector.getColumns:563 --> Found column "tutor_id", data type 4, in table "db_ultron_tools..sso_wx_send_record"
[DEBUG] [20:35:18.265] [JavaFX Application Thread] [] org.mybatis.generator.internal.db.DatabaseIntrospector.getColumns:563 --> Found column "user_id", data type 4, in table "db_ultron_tools..sso_wx_send_record"
[DEBUG] [20:35:18.265] [JavaFX Application Thread] [] org.mybatis.generator.internal.db.DatabaseIntrospector.getColumns:563 --> Found column "sub_class_id", data type 4, in table "db_ultron_tools..sso_wx_send_record"
[DEBUG] [20:35:18.266] [JavaFX Application Thread] [] org.mybatis.generator.internal.db.DatabaseIntrospector.getColumns:563 --> Found column "send_time_end", data type 93, in table "db_ultron_tools..sso_wx_send_record"
[DEBUG] [20:35:18.266] [JavaFX Application Thread] [] org.mybatis.generator.internal.db.DatabaseIntrospector.getColumns:563 --> Found column "batch_number", data type -5, in table "db_ultron_tools..sso_wx_send_record"
[DEBUG] [20:35:18.267] [JavaFX Application Thread] [] org.mybatis.generator.internal.db.DatabaseIntrospector.getColumns:563 --> Found column "content", data type 12, in table "db_ultron_tools..sso_wx_send_record"
[DEBUG] [20:35:18.267] [JavaFX Application Thread] [] org.mybatis.generator.internal.db.DatabaseIntrospector.getColumns:563 --> Found column "source", data type -6, in table "db_ultron_tools..sso_wx_send_record"
[DEBUG] [20:35:18.268] [JavaFX Application Thread] [] org.mybatis.generator.internal.db.DatabaseIntrospector.getColumns:563 --> Found column "status", data type -6, in table "db_ultron_tools..sso_wx_send_record"
[DEBUG] [20:35:18.268] [JavaFX Application Thread] [] org.mybatis.generator.internal.db.DatabaseIntrospector.getColumns:563 --> Found column "create_time", data type 93, in table "db_ultron_tools..sso_wx_send_record"
[DEBUG] [20:35:18.268] [JavaFX Application Thread] [] org.mybatis.generator.internal.db.DatabaseIntrospector.getColumns:563 --> Found column "update_time", data type 93, in table "db_ultron_tools..sso_wx_send_record"
[DEBUG] [20:35:18.269] [JavaFX Application Thread] [] org.mybatis.generator.internal.db.DatabaseIntrospector.getColumns:563 --> Found column "create_id", data type 4, in table "db_ultron_tools..sso_wx_send_record"
[DEBUG] [20:35:18.269] [JavaFX Application Thread] [] org.mybatis.generator.internal.db.DatabaseIntrospector.getColumns:563 --> Found column "update_id", data type 4, in table "db_ultron_tools..sso_wx_send_record"
[DEBUG] [20:35:18.270] [JavaFX Application Thread] [] org.mybatis.generator.internal.db.DatabaseIntrospector.getColumns:563 --> Found column "is_delete", data type -6, in table "db_ultron_tools..sso_wx_send_record"
