[INFO] [06:02:39.965] [JavaFX Application Thread] [] com.zzg.mybatis.generator.util.ConnectionManager.getConnection:20 --> database FilePath :/Users/yfs/workspace/utils/generator/./config/sqlite3.db
[INFO] [06:03:18.829] [JavaFX Application Thread] [] com.zzg.mybatis.generator.util.ConfigHelper.getAllJDBCDriverJarPaths:238 --> jar lib path: /Users/yfs/workspace/utils/mybatis-generator-gui/src/main/resources/lib
[INFO] [06:03:18.830] [JavaFX Application Thread] [] com.zzg.mybatis.generator.util.ConfigHelper.getAllJDBCDriverJarPaths:242 --> jar file: /Users/yfs/workspace/utils/mybatis-generator-gui/src/main/resources/lib/mysql-connector-java-5.1.38.jar
[INFO] [06:03:18.830] [JavaFX Application Thread] [] com.zzg.mybatis.generator.util.ConfigHelper.getAllJDBCDriverJarPaths:242 --> jar file: /Users/yfs/workspace/utils/mybatis-generator-gui/src/main/resources/lib/sqljdbc4-4.0.jar
[INFO] [06:03:18.830] [JavaFX Application Thread] [] com.zzg.mybatis.generator.util.ConfigHelper.getAllJDBCDriverJarPaths:242 --> jar file: /Users/yfs/workspace/utils/mybatis-generator-gui/src/main/resources/lib/sqlite-jdbc-3.19.3.jar
[INFO] [06:03:18.831] [JavaFX Application Thread] [] com.zzg.mybatis.generator.util.ConfigHelper.getAllJDBCDriverJarPaths:242 --> jar file: /Users/yfs/workspace/utils/mybatis-generator-gui/src/main/resources/lib/postgresql-9.4.1209.jar
[INFO] [06:03:18.831] [JavaFX Application Thread] [] com.zzg.mybatis.generator.util.ConfigHelper.getAllJDBCDriverJarPaths:242 --> jar file: /Users/yfs/workspace/utils/mybatis-generator-gui/src/main/resources/lib/ojdbc6.jar
[INFO] [06:03:18.831] [JavaFX Application Thread] [] com.zzg.mybatis.generator.util.ConfigHelper.getAllJDBCDriverJarPaths:242 --> jar file: /Users/yfs/workspace/utils/mybatis-generator-gui/src/main/resources/lib/mysql-connector-java-8.0.11.jar
[INFO] [06:03:18.840] [JavaFX Application Thread] [] com.zzg.mybatis.generator.util.DbUtil.loadDbDriver:222 --> load driver class: com.mysql.jdbc.Driver@30040bce
[INFO] [06:03:18.840] [JavaFX Application Thread] [] com.zzg.mybatis.generator.util.DbUtil.getConnectionUrlWithSchema:208 --> getConnectionUrlWithSchema, connection url: jdbc:mysql://10.155.10.38:4502/db_ultron_tools?useUnicode=true&useSSL=false&characterEncoding=utf8
[INFO] [06:03:19.244] [JavaFX Application Thread] [] com.zzg.mybatis.generator.util.DbUtil.getConnection:133 --> getConnection, connection url: com.mysql.jdbc.JDBC4Connection@35012885
[INFO] [06:03:53.632] [JavaFX Application Thread] [] com.zzg.mybatis.generator.util.ConfigHelper.findConnectorLibPath:215 --> jar resource: file:/Users/yfs/workspace/utils/mybatis-generator-gui/target/classes/logback.xml
[INFO] [06:03:53.632] [JavaFX Application Thread] [] com.zzg.mybatis.generator.bridge.MybatisGeneratorBridge.generate:66 --> connectorLibPath: /Users/yfs/workspace/utils/mybatis-generator-gui/target/classes/lib/mysql-connector-java-5.1.38.jar
[INFO] [06:04:01.781] [JavaFX Application Thread] [] com.zzg.mybatis.generator.util.DbUtil.getConnectionUrlWithSchema:208 --> getConnectionUrlWithSchema, connection url: jdbc:mysql://10.155.10.38:4502/db_ultron_tools?useUnicode=true&useSSL=false&characterEncoding=utf8
[DEBUG] [06:04:06.048] [JavaFX Application Thread] [] org.mybatis.generator.logging.LogFactory.setImplementation:105 --> Logging initialized using 'org.mybatis.generator.logging.slf4j.Slf4jLoggingLogFactory@42a2803e' adapter.
[DEBUG] [06:04:06.105] [JavaFX Application Thread] [] org.mybatis.generator.internal.db.DatabaseIntrospector.getColumns:506 --> Retrieving column information for table "db_ultron_tools.sso_ultron_relation"
[DEBUG] [06:04:06.597] [JavaFX Application Thread] [] org.mybatis.generator.internal.db.DatabaseIntrospector.getColumns:563 --> Found column "id", data type 4, in table "db_ultron_tools..sso_ultron_relation"
[DEBUG] [06:04:06.597] [JavaFX Application Thread] [] org.mybatis.generator.internal.db.DatabaseIntrospector.getColumns:563 --> Found column "account_secret", data type 12, in table "db_ultron_tools..sso_ultron_relation"
[DEBUG] [06:04:06.598] [JavaFX Application Thread] [] org.mybatis.generator.internal.db.DatabaseIntrospector.getColumns:563 --> Found column "create_time", data type 93, in table "db_ultron_tools..sso_ultron_relation"
[DEBUG] [06:04:06.598] [JavaFX Application Thread] [] org.mybatis.generator.internal.db.DatabaseIntrospector.getColumns:563 --> Found column "update_time", data type 93, in table "db_ultron_tools..sso_ultron_relation"
[DEBUG] [06:04:06.599] [JavaFX Application Thread] [] org.mybatis.generator.internal.db.DatabaseIntrospector.getColumns:563 --> Found column "create_id", data type 4, in table "db_ultron_tools..sso_ultron_relation"
[DEBUG] [06:04:06.599] [JavaFX Application Thread] [] org.mybatis.generator.internal.db.DatabaseIntrospector.getColumns:563 --> Found column "update_id", data type 4, in table "db_ultron_tools..sso_ultron_relation"
[DEBUG] [06:04:06.600] [JavaFX Application Thread] [] org.mybatis.generator.internal.db.DatabaseIntrospector.getColumns:563 --> Found column "is_delete", data type -6, in table "db_ultron_tools..sso_ultron_relation"
[INFO] [06:14:01.765] [JavaFX Application Thread] [] com.zzg.mybatis.generator.util.ConfigHelper.findConnectorLibPath:215 --> jar resource: file:/Users/yfs/workspace/utils/mybatis-generator-gui/target/classes/logback.xml
[INFO] [06:14:01.768] [JavaFX Application Thread] [] com.zzg.mybatis.generator.bridge.MybatisGeneratorBridge.generate:66 --> connectorLibPath: /Users/yfs/workspace/utils/mybatis-generator-gui/target/classes/lib/mysql-connector-java-5.1.38.jar
[INFO] [06:14:13.128] [JavaFX Application Thread] [] com.zzg.mybatis.generator.util.DbUtil.getConnectionUrlWithSchema:208 --> getConnectionUrlWithSchema, connection url: jdbc:mysql://10.155.10.38:4502/db_ultron_tools?useUnicode=true&useSSL=false&characterEncoding=utf8
[DEBUG] [06:14:14.861] [JavaFX Application Thread] [] org.mybatis.generator.internal.db.DatabaseIntrospector.getColumns:506 --> Retrieving column information for table "db_ultron_tools.sso_ultron_relation"
[DEBUG] [06:14:14.916] [JavaFX Application Thread] [] org.mybatis.generator.internal.db.DatabaseIntrospector.getColumns:563 --> Found column "id", data type 4, in table "db_ultron_tools..sso_ultron_relation"
[DEBUG] [06:14:14.916] [JavaFX Application Thread] [] org.mybatis.generator.internal.db.DatabaseIntrospector.getColumns:563 --> Found column "account_secret", data type 12, in table "db_ultron_tools..sso_ultron_relation"
[DEBUG] [06:14:14.916] [JavaFX Application Thread] [] org.mybatis.generator.internal.db.DatabaseIntrospector.getColumns:563 --> Found column "create_time", data type 93, in table "db_ultron_tools..sso_ultron_relation"
[DEBUG] [06:14:14.917] [JavaFX Application Thread] [] org.mybatis.generator.internal.db.DatabaseIntrospector.getColumns:563 --> Found column "update_time", data type 93, in table "db_ultron_tools..sso_ultron_relation"
[DEBUG] [06:14:14.917] [JavaFX Application Thread] [] org.mybatis.generator.internal.db.DatabaseIntrospector.getColumns:563 --> Found column "create_id", data type 4, in table "db_ultron_tools..sso_ultron_relation"
[DEBUG] [06:14:14.918] [JavaFX Application Thread] [] org.mybatis.generator.internal.db.DatabaseIntrospector.getColumns:563 --> Found column "update_id", data type 4, in table "db_ultron_tools..sso_ultron_relation"
[DEBUG] [06:14:14.918] [JavaFX Application Thread] [] org.mybatis.generator.internal.db.DatabaseIntrospector.getColumns:563 --> Found column "is_delete", data type -6, in table "db_ultron_tools..sso_ultron_relation"
[INFO] [06:15:27.686] [JavaFX Application Thread] [] com.zzg.mybatis.generator.util.ConfigHelper.findConnectorLibPath:215 --> jar resource: file:/Users/yfs/workspace/utils/mybatis-generator-gui/target/classes/logback.xml
[INFO] [06:15:27.687] [JavaFX Application Thread] [] com.zzg.mybatis.generator.bridge.MybatisGeneratorBridge.generate:66 --> connectorLibPath: /Users/yfs/workspace/utils/mybatis-generator-gui/target/classes/lib/mysql-connector-java-5.1.38.jar
[INFO] [06:15:30.635] [JavaFX Application Thread] [] com.zzg.mybatis.generator.util.DbUtil.getConnectionUrlWithSchema:208 --> getConnectionUrlWithSchema, connection url: jdbc:mysql://10.155.10.38:4502/db_ultron_tools?useUnicode=true&useSSL=false&characterEncoding=utf8
[DEBUG] [06:15:31.805] [JavaFX Application Thread] [] org.mybatis.generator.internal.db.DatabaseIntrospector.getColumns:506 --> Retrieving column information for table "db_ultron_tools.sso_ultron_relation"
[DEBUG] [06:15:31.861] [JavaFX Application Thread] [] org.mybatis.generator.internal.db.DatabaseIntrospector.getColumns:563 --> Found column "id", data type 4, in table "db_ultron_tools..sso_ultron_relation"
[DEBUG] [06:15:31.862] [JavaFX Application Thread] [] org.mybatis.generator.internal.db.DatabaseIntrospector.getColumns:563 --> Found column "account_secret", data type 12, in table "db_ultron_tools..sso_ultron_relation"
[DEBUG] [06:15:31.863] [JavaFX Application Thread] [] org.mybatis.generator.internal.db.DatabaseIntrospector.getColumns:563 --> Found column "create_time", data type 93, in table "db_ultron_tools..sso_ultron_relation"
[DEBUG] [06:15:31.863] [JavaFX Application Thread] [] org.mybatis.generator.internal.db.DatabaseIntrospector.getColumns:563 --> Found column "update_time", data type 93, in table "db_ultron_tools..sso_ultron_relation"
[DEBUG] [06:15:31.863] [JavaFX Application Thread] [] org.mybatis.generator.internal.db.DatabaseIntrospector.getColumns:563 --> Found column "create_id", data type 4, in table "db_ultron_tools..sso_ultron_relation"
[DEBUG] [06:15:31.863] [JavaFX Application Thread] [] org.mybatis.generator.internal.db.DatabaseIntrospector.getColumns:563 --> Found column "update_id", data type 4, in table "db_ultron_tools..sso_ultron_relation"
[DEBUG] [06:15:31.864] [JavaFX Application Thread] [] org.mybatis.generator.internal.db.DatabaseIntrospector.getColumns:563 --> Found column "is_delete", data type -6, in table "db_ultron_tools..sso_ultron_relation"
[INFO] [06:17:23.868] [JavaFX Application Thread] [] com.zzg.mybatis.generator.util.ConfigHelper.findConnectorLibPath:215 --> jar resource: file:/Users/yfs/workspace/utils/mybatis-generator-gui/target/classes/logback.xml
[INFO] [06:17:23.872] [JavaFX Application Thread] [] com.zzg.mybatis.generator.bridge.MybatisGeneratorBridge.generate:66 --> connectorLibPath: /Users/yfs/workspace/utils/mybatis-generator-gui/target/classes/lib/mysql-connector-java-5.1.38.jar
[INFO] [06:17:28.255] [JavaFX Application Thread] [] com.zzg.mybatis.generator.util.DbUtil.getConnectionUrlWithSchema:208 --> getConnectionUrlWithSchema, connection url: jdbc:mysql://10.155.10.38:4502/db_ultron_tools?useUnicode=true&useSSL=false&characterEncoding=utf8
[DEBUG] [06:17:29.606] [JavaFX Application Thread] [] org.mybatis.generator.internal.db.DatabaseIntrospector.getColumns:506 --> Retrieving column information for table "db_ultron_tools.sso_ultron_relation"
[DEBUG] [06:17:29.675] [JavaFX Application Thread] [] org.mybatis.generator.internal.db.DatabaseIntrospector.getColumns:563 --> Found column "id", data type 4, in table "db_ultron_tools..sso_ultron_relation"
[DEBUG] [06:17:29.675] [JavaFX Application Thread] [] org.mybatis.generator.internal.db.DatabaseIntrospector.getColumns:563 --> Found column "account_secret", data type 12, in table "db_ultron_tools..sso_ultron_relation"
[DEBUG] [06:17:29.676] [JavaFX Application Thread] [] org.mybatis.generator.internal.db.DatabaseIntrospector.getColumns:563 --> Found column "create_time", data type 93, in table "db_ultron_tools..sso_ultron_relation"
[DEBUG] [06:17:29.676] [JavaFX Application Thread] [] org.mybatis.generator.internal.db.DatabaseIntrospector.getColumns:563 --> Found column "update_time", data type 93, in table "db_ultron_tools..sso_ultron_relation"
[DEBUG] [06:17:29.676] [JavaFX Application Thread] [] org.mybatis.generator.internal.db.DatabaseIntrospector.getColumns:563 --> Found column "create_id", data type 4, in table "db_ultron_tools..sso_ultron_relation"
[DEBUG] [06:17:29.676] [JavaFX Application Thread] [] org.mybatis.generator.internal.db.DatabaseIntrospector.getColumns:563 --> Found column "update_id", data type 4, in table "db_ultron_tools..sso_ultron_relation"
[DEBUG] [06:17:29.677] [JavaFX Application Thread] [] org.mybatis.generator.internal.db.DatabaseIntrospector.getColumns:563 --> Found column "is_delete", data type -6, in table "db_ultron_tools..sso_ultron_relation"
[INFO] [06:23:16.889] [JavaFX Application Thread] [] com.zzg.mybatis.generator.util.ConfigHelper.findConnectorLibPath:215 --> jar resource: file:/Users/yfs/workspace/utils/mybatis-generator-gui/target/classes/logback.xml
[INFO] [06:23:16.891] [JavaFX Application Thread] [] com.zzg.mybatis.generator.bridge.MybatisGeneratorBridge.generate:66 --> connectorLibPath: /Users/yfs/workspace/utils/mybatis-generator-gui/target/classes/lib/mysql-connector-java-5.1.38.jar
[INFO] [06:23:16.898] [JavaFX Application Thread] [] com.zzg.mybatis.generator.util.DbUtil.getConnectionUrlWithSchema:208 --> getConnectionUrlWithSchema, connection url: jdbc:mysql://10.155.10.38:4502/db_ultron_tools?useUnicode=true&useSSL=false&characterEncoding=utf8
[DEBUG] [06:23:17.280] [JavaFX Application Thread] [] org.mybatis.generator.internal.db.DatabaseIntrospector.getColumns:506 --> Retrieving column information for table "db_ultron_tools.sso_ultron_relation"
[DEBUG] [06:23:17.343] [JavaFX Application Thread] [] org.mybatis.generator.internal.db.DatabaseIntrospector.getColumns:563 --> Found column "id", data type 4, in table "db_ultron_tools..sso_ultron_relation"
[DEBUG] [06:23:17.344] [JavaFX Application Thread] [] org.mybatis.generator.internal.db.DatabaseIntrospector.getColumns:563 --> Found column "account_secret", data type 12, in table "db_ultron_tools..sso_ultron_relation"
[DEBUG] [06:23:17.344] [JavaFX Application Thread] [] org.mybatis.generator.internal.db.DatabaseIntrospector.getColumns:563 --> Found column "create_time", data type 93, in table "db_ultron_tools..sso_ultron_relation"
[DEBUG] [06:23:17.345] [JavaFX Application Thread] [] org.mybatis.generator.internal.db.DatabaseIntrospector.getColumns:563 --> Found column "update_time", data type 93, in table "db_ultron_tools..sso_ultron_relation"
[DEBUG] [06:23:17.345] [JavaFX Application Thread] [] org.mybatis.generator.internal.db.DatabaseIntrospector.getColumns:563 --> Found column "create_id", data type 4, in table "db_ultron_tools..sso_ultron_relation"
[DEBUG] [06:23:17.346] [JavaFX Application Thread] [] org.mybatis.generator.internal.db.DatabaseIntrospector.getColumns:563 --> Found column "update_id", data type 4, in table "db_ultron_tools..sso_ultron_relation"
[DEBUG] [06:23:17.346] [JavaFX Application Thread] [] org.mybatis.generator.internal.db.DatabaseIntrospector.getColumns:563 --> Found column "is_delete", data type -6, in table "db_ultron_tools..sso_ultron_relation"
[INFO] [06:29:57.345] [JavaFX Application Thread] [] com.zzg.mybatis.generator.util.ConfigHelper.findConnectorLibPath:215 --> jar resource: file:/Users/yfs/workspace/utils/mybatis-generator-gui/target/classes/logback.xml
[INFO] [06:29:57.349] [JavaFX Application Thread] [] com.zzg.mybatis.generator.bridge.MybatisGeneratorBridge.generate:66 --> connectorLibPath: /Users/yfs/workspace/utils/mybatis-generator-gui/target/classes/lib/mysql-connector-java-5.1.38.jar
[INFO] [06:30:00.551] [JavaFX Application Thread] [] com.zzg.mybatis.generator.util.DbUtil.getConnectionUrlWithSchema:208 --> getConnectionUrlWithSchema, connection url: jdbc:mysql://10.155.10.38:4502/db_ultron_tools?useUnicode=true&useSSL=false&characterEncoding=utf8
[DEBUG] [06:30:01.723] [JavaFX Application Thread] [] org.mybatis.generator.internal.db.DatabaseIntrospector.getColumns:506 --> Retrieving column information for table "db_ultron_tools.sso_ultron_relation"
[DEBUG] [06:30:01.779] [JavaFX Application Thread] [] org.mybatis.generator.internal.db.DatabaseIntrospector.getColumns:563 --> Found column "id", data type 4, in table "db_ultron_tools..sso_ultron_relation"
[DEBUG] [06:30:01.780] [JavaFX Application Thread] [] org.mybatis.generator.internal.db.DatabaseIntrospector.getColumns:563 --> Found column "account_secret", data type 12, in table "db_ultron_tools..sso_ultron_relation"
[DEBUG] [06:30:01.781] [JavaFX Application Thread] [] org.mybatis.generator.internal.db.DatabaseIntrospector.getColumns:563 --> Found column "create_time", data type 93, in table "db_ultron_tools..sso_ultron_relation"
[DEBUG] [06:30:01.781] [JavaFX Application Thread] [] org.mybatis.generator.internal.db.DatabaseIntrospector.getColumns:563 --> Found column "update_time", data type 93, in table "db_ultron_tools..sso_ultron_relation"
[DEBUG] [06:30:01.782] [JavaFX Application Thread] [] org.mybatis.generator.internal.db.DatabaseIntrospector.getColumns:563 --> Found column "create_id", data type 4, in table "db_ultron_tools..sso_ultron_relation"
[DEBUG] [06:30:01.782] [JavaFX Application Thread] [] org.mybatis.generator.internal.db.DatabaseIntrospector.getColumns:563 --> Found column "update_id", data type 4, in table "db_ultron_tools..sso_ultron_relation"
[DEBUG] [06:30:01.782] [JavaFX Application Thread] [] org.mybatis.generator.internal.db.DatabaseIntrospector.getColumns:563 --> Found column "is_delete", data type -6, in table "db_ultron_tools..sso_ultron_relation"
[INFO] [06:31:11.392] [JavaFX Application Thread] [] com.zzg.mybatis.generator.util.ConfigHelper.findConnectorLibPath:215 --> jar resource: file:/Users/yfs/workspace/utils/mybatis-generator-gui/target/classes/logback.xml
[INFO] [06:31:11.394] [JavaFX Application Thread] [] com.zzg.mybatis.generator.bridge.MybatisGeneratorBridge.generate:66 --> connectorLibPath: /Users/yfs/workspace/utils/mybatis-generator-gui/target/classes/lib/mysql-connector-java-5.1.38.jar
[INFO] [06:31:13.531] [JavaFX Application Thread] [] com.zzg.mybatis.generator.util.DbUtil.getConnectionUrlWithSchema:208 --> getConnectionUrlWithSchema, connection url: jdbc:mysql://10.155.10.38:4502/db_ultron_tools?useUnicode=true&useSSL=false&characterEncoding=utf8
[DEBUG] [06:31:14.753] [JavaFX Application Thread] [] org.mybatis.generator.internal.db.DatabaseIntrospector.getColumns:506 --> Retrieving column information for table "db_ultron_tools.sso_ultron_relation"
[DEBUG] [06:31:14.828] [JavaFX Application Thread] [] org.mybatis.generator.internal.db.DatabaseIntrospector.getColumns:563 --> Found column "id", data type 4, in table "db_ultron_tools..sso_ultron_relation"
[DEBUG] [06:31:14.829] [JavaFX Application Thread] [] org.mybatis.generator.internal.db.DatabaseIntrospector.getColumns:563 --> Found column "account_secret", data type 12, in table "db_ultron_tools..sso_ultron_relation"
[DEBUG] [06:31:14.829] [JavaFX Application Thread] [] org.mybatis.generator.internal.db.DatabaseIntrospector.getColumns:563 --> Found column "create_time", data type 93, in table "db_ultron_tools..sso_ultron_relation"
[DEBUG] [06:31:14.829] [JavaFX Application Thread] [] org.mybatis.generator.internal.db.DatabaseIntrospector.getColumns:563 --> Found column "update_time", data type 93, in table "db_ultron_tools..sso_ultron_relation"
[DEBUG] [06:31:14.830] [JavaFX Application Thread] [] org.mybatis.generator.internal.db.DatabaseIntrospector.getColumns:563 --> Found column "create_id", data type 4, in table "db_ultron_tools..sso_ultron_relation"
[DEBUG] [06:31:14.830] [JavaFX Application Thread] [] org.mybatis.generator.internal.db.DatabaseIntrospector.getColumns:563 --> Found column "update_id", data type 4, in table "db_ultron_tools..sso_ultron_relation"
[DEBUG] [06:31:14.830] [JavaFX Application Thread] [] org.mybatis.generator.internal.db.DatabaseIntrospector.getColumns:563 --> Found column "is_delete", data type -6, in table "db_ultron_tools..sso_ultron_relation"
[INFO] [06:33:29.220] [JavaFX Application Thread] [] com.zzg.mybatis.generator.util.ConfigHelper.findConnectorLibPath:215 --> jar resource: file:/Users/yfs/workspace/utils/mybatis-generator-gui/target/classes/logback.xml
[INFO] [06:33:29.223] [JavaFX Application Thread] [] com.zzg.mybatis.generator.bridge.MybatisGeneratorBridge.generate:66 --> connectorLibPath: /Users/yfs/workspace/utils/mybatis-generator-gui/target/classes/lib/mysql-connector-java-5.1.38.jar
[INFO] [06:33:31.793] [JavaFX Application Thread] [] com.zzg.mybatis.generator.util.DbUtil.getConnectionUrlWithSchema:208 --> getConnectionUrlWithSchema, connection url: jdbc:mysql://10.155.10.38:4502/db_ultron_tools?useUnicode=true&useSSL=false&characterEncoding=utf8
[DEBUG] [06:33:33.104] [JavaFX Application Thread] [] org.mybatis.generator.internal.db.DatabaseIntrospector.getColumns:506 --> Retrieving column information for table "db_ultron_tools.sso_ultron_relation"
[DEBUG] [06:33:33.158] [JavaFX Application Thread] [] org.mybatis.generator.internal.db.DatabaseIntrospector.getColumns:563 --> Found column "id", data type 4, in table "db_ultron_tools..sso_ultron_relation"
[DEBUG] [06:33:33.159] [JavaFX Application Thread] [] org.mybatis.generator.internal.db.DatabaseIntrospector.getColumns:563 --> Found column "account_secret", data type 12, in table "db_ultron_tools..sso_ultron_relation"
[DEBUG] [06:33:33.160] [JavaFX Application Thread] [] org.mybatis.generator.internal.db.DatabaseIntrospector.getColumns:563 --> Found column "create_time", data type 93, in table "db_ultron_tools..sso_ultron_relation"
[DEBUG] [06:33:33.160] [JavaFX Application Thread] [] org.mybatis.generator.internal.db.DatabaseIntrospector.getColumns:563 --> Found column "update_time", data type 93, in table "db_ultron_tools..sso_ultron_relation"
[DEBUG] [06:33:33.161] [JavaFX Application Thread] [] org.mybatis.generator.internal.db.DatabaseIntrospector.getColumns:563 --> Found column "create_id", data type 4, in table "db_ultron_tools..sso_ultron_relation"
[DEBUG] [06:33:33.161] [JavaFX Application Thread] [] org.mybatis.generator.internal.db.DatabaseIntrospector.getColumns:563 --> Found column "update_id", data type 4, in table "db_ultron_tools..sso_ultron_relation"
[DEBUG] [06:33:33.162] [JavaFX Application Thread] [] org.mybatis.generator.internal.db.DatabaseIntrospector.getColumns:563 --> Found column "is_delete", data type -6, in table "db_ultron_tools..sso_ultron_relation"
[INFO] [06:40:44.894] [JavaFX Application Thread] [] com.zzg.mybatis.generator.util.ConnectionManager.getConnection:20 --> database FilePath :/Users/yfs/workspace/utils/generator/./config/sqlite3.db
[INFO] [06:40:51.346] [JavaFX Application Thread] [] com.zzg.mybatis.generator.util.ConfigHelper.getAllJDBCDriverJarPaths:238 --> jar lib path: /Users/yfs/workspace/utils/mybatis-generator-gui/src/main/resources/lib
[INFO] [06:40:51.347] [JavaFX Application Thread] [] com.zzg.mybatis.generator.util.ConfigHelper.getAllJDBCDriverJarPaths:242 --> jar file: /Users/yfs/workspace/utils/mybatis-generator-gui/src/main/resources/lib/mysql-connector-java-5.1.38.jar
[INFO] [06:40:51.347] [JavaFX Application Thread] [] com.zzg.mybatis.generator.util.ConfigHelper.getAllJDBCDriverJarPaths:242 --> jar file: /Users/yfs/workspace/utils/mybatis-generator-gui/src/main/resources/lib/sqljdbc4-4.0.jar
[INFO] [06:40:51.348] [JavaFX Application Thread] [] com.zzg.mybatis.generator.util.ConfigHelper.getAllJDBCDriverJarPaths:242 --> jar file: /Users/yfs/workspace/utils/mybatis-generator-gui/src/main/resources/lib/sqlite-jdbc-3.19.3.jar
[INFO] [06:40:51.348] [JavaFX Application Thread] [] com.zzg.mybatis.generator.util.ConfigHelper.getAllJDBCDriverJarPaths:242 --> jar file: /Users/yfs/workspace/utils/mybatis-generator-gui/src/main/resources/lib/postgresql-9.4.1209.jar
[INFO] [06:40:51.348] [JavaFX Application Thread] [] com.zzg.mybatis.generator.util.ConfigHelper.getAllJDBCDriverJarPaths:242 --> jar file: /Users/yfs/workspace/utils/mybatis-generator-gui/src/main/resources/lib/ojdbc6.jar
[INFO] [06:40:51.348] [JavaFX Application Thread] [] com.zzg.mybatis.generator.util.ConfigHelper.getAllJDBCDriverJarPaths:242 --> jar file: /Users/yfs/workspace/utils/mybatis-generator-gui/src/main/resources/lib/mysql-connector-java-8.0.11.jar
[INFO] [06:40:51.357] [JavaFX Application Thread] [] com.zzg.mybatis.generator.util.DbUtil.loadDbDriver:222 --> load driver class: com.mysql.jdbc.Driver@579ca20c
[INFO] [06:40:51.357] [JavaFX Application Thread] [] com.zzg.mybatis.generator.util.DbUtil.getConnectionUrlWithSchema:208 --> getConnectionUrlWithSchema, connection url: jdbc:mysql://10.155.10.38:4502/db_ultron_tools?useUnicode=true&useSSL=false&characterEncoding=utf8
[INFO] [06:40:51.938] [JavaFX Application Thread] [] com.zzg.mybatis.generator.util.DbUtil.getConnection:133 --> getConnection, connection url: com.mysql.jdbc.JDBC4Connection@6a50e492
[INFO] [06:41:10.934] [JavaFX Application Thread] [] com.zzg.mybatis.generator.util.ConfigHelper.findConnectorLibPath:215 --> jar resource: file:/Users/yfs/workspace/utils/mybatis-generator-gui/target/classes/logback.xml
[INFO] [06:41:10.935] [JavaFX Application Thread] [] com.zzg.mybatis.generator.bridge.MybatisGeneratorBridge.generate:66 --> connectorLibPath: /Users/yfs/workspace/utils/mybatis-generator-gui/target/classes/lib/mysql-connector-java-5.1.38.jar
[INFO] [06:41:17.386] [JavaFX Application Thread] [] com.zzg.mybatis.generator.util.DbUtil.getConnectionUrlWithSchema:208 --> getConnectionUrlWithSchema, connection url: jdbc:mysql://10.155.10.38:4502/db_ultron_tools?useUnicode=true&useSSL=false&characterEncoding=utf8
[DEBUG] [06:41:18.705] [JavaFX Application Thread] [] org.mybatis.generator.logging.LogFactory.setImplementation:105 --> Logging initialized using 'org.mybatis.generator.logging.slf4j.Slf4jLoggingLogFactory@3c40949' adapter.
[DEBUG] [06:41:18.919] [JavaFX Application Thread] [] org.mybatis.generator.internal.db.DatabaseIntrospector.getColumns:506 --> Retrieving column information for table "db_ultron_tools.sso_ultron_relation"
[DEBUG] [06:41:18.977] [JavaFX Application Thread] [] org.mybatis.generator.internal.db.DatabaseIntrospector.getColumns:563 --> Found column "id", data type 4, in table "db_ultron_tools..sso_ultron_relation"
[DEBUG] [06:41:18.978] [JavaFX Application Thread] [] org.mybatis.generator.internal.db.DatabaseIntrospector.getColumns:563 --> Found column "account_secret", data type 12, in table "db_ultron_tools..sso_ultron_relation"
[DEBUG] [06:41:18.978] [JavaFX Application Thread] [] org.mybatis.generator.internal.db.DatabaseIntrospector.getColumns:563 --> Found column "create_time", data type 93, in table "db_ultron_tools..sso_ultron_relation"
[DEBUG] [06:41:18.978] [JavaFX Application Thread] [] org.mybatis.generator.internal.db.DatabaseIntrospector.getColumns:563 --> Found column "update_time", data type 93, in table "db_ultron_tools..sso_ultron_relation"
[DEBUG] [06:41:18.978] [JavaFX Application Thread] [] org.mybatis.generator.internal.db.DatabaseIntrospector.getColumns:563 --> Found column "create_id", data type 4, in table "db_ultron_tools..sso_ultron_relation"
[DEBUG] [06:41:18.979] [JavaFX Application Thread] [] org.mybatis.generator.internal.db.DatabaseIntrospector.getColumns:563 --> Found column "update_id", data type 4, in table "db_ultron_tools..sso_ultron_relation"
[DEBUG] [06:41:18.979] [JavaFX Application Thread] [] org.mybatis.generator.internal.db.DatabaseIntrospector.getColumns:563 --> Found column "is_delete", data type -6, in table "db_ultron_tools..sso_ultron_relation"
[INFO] [06:54:17.502] [JavaFX Application Thread] [] com.zzg.mybatis.generator.util.ConfigHelper.findConnectorLibPath:215 --> jar resource: file:/Users/yfs/workspace/utils/mybatis-generator-gui/target/classes/logback.xml
[INFO] [06:54:17.506] [JavaFX Application Thread] [] com.zzg.mybatis.generator.bridge.MybatisGeneratorBridge.generate:66 --> connectorLibPath: /Users/yfs/workspace/utils/mybatis-generator-gui/target/classes/lib/mysql-connector-java-5.1.38.jar
[INFO] [06:54:21.873] [JavaFX Application Thread] [] com.zzg.mybatis.generator.util.DbUtil.getConnectionUrlWithSchema:208 --> getConnectionUrlWithSchema, connection url: jdbc:mysql://10.155.10.38:4502/db_ultron_tools?useUnicode=true&useSSL=false&characterEncoding=utf8
[DEBUG] [06:54:23.496] [JavaFX Application Thread] [] org.mybatis.generator.internal.db.DatabaseIntrospector.getColumns:506 --> Retrieving column information for table "db_ultron_tools.sso_ultron_relation"
[DEBUG] [06:54:23.673] [JavaFX Application Thread] [] org.mybatis.generator.internal.db.DatabaseIntrospector.getColumns:563 --> Found column "id", data type 4, in table "db_ultron_tools..sso_ultron_relation"
[DEBUG] [06:54:23.674] [JavaFX Application Thread] [] org.mybatis.generator.internal.db.DatabaseIntrospector.getColumns:563 --> Found column "account_secret", data type 12, in table "db_ultron_tools..sso_ultron_relation"
[DEBUG] [06:54:23.675] [JavaFX Application Thread] [] org.mybatis.generator.internal.db.DatabaseIntrospector.getColumns:563 --> Found column "create_time", data type 93, in table "db_ultron_tools..sso_ultron_relation"
[DEBUG] [06:54:23.675] [JavaFX Application Thread] [] org.mybatis.generator.internal.db.DatabaseIntrospector.getColumns:563 --> Found column "update_time", data type 93, in table "db_ultron_tools..sso_ultron_relation"
[DEBUG] [06:54:23.676] [JavaFX Application Thread] [] org.mybatis.generator.internal.db.DatabaseIntrospector.getColumns:563 --> Found column "create_id", data type 4, in table "db_ultron_tools..sso_ultron_relation"
[DEBUG] [06:54:23.676] [JavaFX Application Thread] [] org.mybatis.generator.internal.db.DatabaseIntrospector.getColumns:563 --> Found column "update_id", data type 4, in table "db_ultron_tools..sso_ultron_relation"
[DEBUG] [06:54:23.676] [JavaFX Application Thread] [] org.mybatis.generator.internal.db.DatabaseIntrospector.getColumns:563 --> Found column "is_delete", data type -6, in table "db_ultron_tools..sso_ultron_relation"
[INFO] [07:18:16.932] [JavaFX Application Thread] [] com.zzg.mybatis.generator.util.ConfigHelper.findConnectorLibPath:215 --> jar resource: file:/Users/yfs/workspace/utils/mybatis-generator-gui/target/classes/logback.xml
[INFO] [07:18:16.935] [JavaFX Application Thread] [] com.zzg.mybatis.generator.bridge.MybatisGeneratorBridge.generate:66 --> connectorLibPath: /Users/yfs/workspace/utils/mybatis-generator-gui/target/classes/lib/mysql-connector-java-5.1.38.jar
[INFO] [07:18:19.962] [JavaFX Application Thread] [] com.zzg.mybatis.generator.util.DbUtil.getConnectionUrlWithSchema:208 --> getConnectionUrlWithSchema, connection url: jdbc:mysql://10.155.10.38:4502/db_ultron_tools?useUnicode=true&useSSL=false&characterEncoding=utf8
[DEBUG] [07:18:21.476] [JavaFX Application Thread] [] org.mybatis.generator.internal.db.DatabaseIntrospector.getColumns:506 --> Retrieving column information for table "db_ultron_tools.sso_ultron_relation"
[DEBUG] [07:18:21.683] [JavaFX Application Thread] [] org.mybatis.generator.internal.db.DatabaseIntrospector.getColumns:563 --> Found column "id", data type 4, in table "db_ultron_tools..sso_ultron_relation"
[DEBUG] [07:18:21.684] [JavaFX Application Thread] [] org.mybatis.generator.internal.db.DatabaseIntrospector.getColumns:563 --> Found column "account_secret", data type 12, in table "db_ultron_tools..sso_ultron_relation"
[DEBUG] [07:18:21.685] [JavaFX Application Thread] [] org.mybatis.generator.internal.db.DatabaseIntrospector.getColumns:563 --> Found column "create_time", data type 93, in table "db_ultron_tools..sso_ultron_relation"
[DEBUG] [07:18:21.685] [JavaFX Application Thread] [] org.mybatis.generator.internal.db.DatabaseIntrospector.getColumns:563 --> Found column "update_time", data type 93, in table "db_ultron_tools..sso_ultron_relation"
[DEBUG] [07:18:21.686] [JavaFX Application Thread] [] org.mybatis.generator.internal.db.DatabaseIntrospector.getColumns:563 --> Found column "create_id", data type 4, in table "db_ultron_tools..sso_ultron_relation"
[DEBUG] [07:18:21.686] [JavaFX Application Thread] [] org.mybatis.generator.internal.db.DatabaseIntrospector.getColumns:563 --> Found column "update_id", data type 4, in table "db_ultron_tools..sso_ultron_relation"
[DEBUG] [07:18:21.686] [JavaFX Application Thread] [] org.mybatis.generator.internal.db.DatabaseIntrospector.getColumns:563 --> Found column "is_delete", data type -6, in table "db_ultron_tools..sso_ultron_relation"
[INFO] [07:28:54.424] [JavaFX Application Thread] [] com.zzg.mybatis.generator.util.ConfigHelper.findConnectorLibPath:215 --> jar resource: file:/Users/yfs/workspace/utils/mybatis-generator-gui/target/classes/logback.xml
[INFO] [07:28:54.427] [JavaFX Application Thread] [] com.zzg.mybatis.generator.bridge.MybatisGeneratorBridge.generate:66 --> connectorLibPath: /Users/yfs/workspace/utils/mybatis-generator-gui/target/classes/lib/mysql-connector-java-5.1.38.jar
[INFO] [07:28:57.027] [JavaFX Application Thread] [] com.zzg.mybatis.generator.util.DbUtil.getConnectionUrlWithSchema:208 --> getConnectionUrlWithSchema, connection url: jdbc:mysql://10.155.10.38:4502/db_ultron_tools?useUnicode=true&useSSL=false&characterEncoding=utf8
[DEBUG] [07:28:58.656] [JavaFX Application Thread] [] org.mybatis.generator.internal.db.DatabaseIntrospector.getColumns:506 --> Retrieving column information for table "db_ultron_tools.sso_ultron_relation"
[DEBUG] [07:28:58.863] [JavaFX Application Thread] [] org.mybatis.generator.internal.db.DatabaseIntrospector.getColumns:563 --> Found column "id", data type 4, in table "db_ultron_tools..sso_ultron_relation"
[DEBUG] [07:28:58.863] [JavaFX Application Thread] [] org.mybatis.generator.internal.db.DatabaseIntrospector.getColumns:563 --> Found column "account_secret", data type 12, in table "db_ultron_tools..sso_ultron_relation"
[DEBUG] [07:28:58.864] [JavaFX Application Thread] [] org.mybatis.generator.internal.db.DatabaseIntrospector.getColumns:563 --> Found column "create_time", data type 93, in table "db_ultron_tools..sso_ultron_relation"
[DEBUG] [07:28:58.865] [JavaFX Application Thread] [] org.mybatis.generator.internal.db.DatabaseIntrospector.getColumns:563 --> Found column "update_time", data type 93, in table "db_ultron_tools..sso_ultron_relation"
[DEBUG] [07:28:58.865] [JavaFX Application Thread] [] org.mybatis.generator.internal.db.DatabaseIntrospector.getColumns:563 --> Found column "create_id", data type 4, in table "db_ultron_tools..sso_ultron_relation"
[DEBUG] [07:28:58.865] [JavaFX Application Thread] [] org.mybatis.generator.internal.db.DatabaseIntrospector.getColumns:563 --> Found column "update_id", data type 4, in table "db_ultron_tools..sso_ultron_relation"
[DEBUG] [07:28:58.866] [JavaFX Application Thread] [] org.mybatis.generator.internal.db.DatabaseIntrospector.getColumns:563 --> Found column "is_delete", data type -6, in table "db_ultron_tools..sso_ultron_relation"
[INFO] [07:41:01.102] [JavaFX Application Thread] [] com.zzg.mybatis.generator.util.ConnectionManager.getConnection:20 --> database FilePath :/Users/yfs/workspace/utils/generator/./config/sqlite3.db
[INFO] [07:41:04.542] [JavaFX Application Thread] [] com.zzg.mybatis.generator.util.ConfigHelper.getAllJDBCDriverJarPaths:238 --> jar lib path: /Users/yfs/workspace/utils/mybatis-generator-gui/src/main/resources/lib
[INFO] [07:41:04.543] [JavaFX Application Thread] [] com.zzg.mybatis.generator.util.ConfigHelper.getAllJDBCDriverJarPaths:242 --> jar file: /Users/yfs/workspace/utils/mybatis-generator-gui/src/main/resources/lib/mysql-connector-java-5.1.38.jar
[INFO] [07:41:04.543] [JavaFX Application Thread] [] com.zzg.mybatis.generator.util.ConfigHelper.getAllJDBCDriverJarPaths:242 --> jar file: /Users/yfs/workspace/utils/mybatis-generator-gui/src/main/resources/lib/sqljdbc4-4.0.jar
[INFO] [07:41:04.543] [JavaFX Application Thread] [] com.zzg.mybatis.generator.util.ConfigHelper.getAllJDBCDriverJarPaths:242 --> jar file: /Users/yfs/workspace/utils/mybatis-generator-gui/src/main/resources/lib/sqlite-jdbc-3.19.3.jar
[INFO] [07:41:04.544] [JavaFX Application Thread] [] com.zzg.mybatis.generator.util.ConfigHelper.getAllJDBCDriverJarPaths:242 --> jar file: /Users/yfs/workspace/utils/mybatis-generator-gui/src/main/resources/lib/postgresql-9.4.1209.jar
[INFO] [07:41:04.544] [JavaFX Application Thread] [] com.zzg.mybatis.generator.util.ConfigHelper.getAllJDBCDriverJarPaths:242 --> jar file: /Users/yfs/workspace/utils/mybatis-generator-gui/src/main/resources/lib/ojdbc6.jar
[INFO] [07:41:04.544] [JavaFX Application Thread] [] com.zzg.mybatis.generator.util.ConfigHelper.getAllJDBCDriverJarPaths:242 --> jar file: /Users/yfs/workspace/utils/mybatis-generator-gui/src/main/resources/lib/mysql-connector-java-8.0.11.jar
[INFO] [07:41:04.552] [JavaFX Application Thread] [] com.zzg.mybatis.generator.util.DbUtil.loadDbDriver:222 --> load driver class: com.mysql.jdbc.Driver@58568cff
[INFO] [07:41:04.553] [JavaFX Application Thread] [] com.zzg.mybatis.generator.util.DbUtil.getConnectionUrlWithSchema:208 --> getConnectionUrlWithSchema, connection url: jdbc:mysql://10.155.10.38:4502/db_ultron_tools?useUnicode=true&useSSL=false&characterEncoding=utf8
[INFO] [07:41:04.941] [JavaFX Application Thread] [] com.zzg.mybatis.generator.util.DbUtil.getConnection:133 --> getConnection, connection url: com.mysql.jdbc.JDBC4Connection@395ad9d5
[INFO] [07:41:22.212] [JavaFX Application Thread] [] com.zzg.mybatis.generator.util.ConfigHelper.findConnectorLibPath:215 --> jar resource: file:/Users/yfs/workspace/utils/mybatis-generator-gui/target/classes/logback.xml
[INFO] [07:41:22.213] [JavaFX Application Thread] [] com.zzg.mybatis.generator.bridge.MybatisGeneratorBridge.generate:66 --> connectorLibPath: /Users/yfs/workspace/utils/mybatis-generator-gui/target/classes/lib/mysql-connector-java-5.1.38.jar
[INFO] [07:41:22.215] [JavaFX Application Thread] [] com.zzg.mybatis.generator.util.DbUtil.getConnectionUrlWithSchema:208 --> getConnectionUrlWithSchema, connection url: jdbc:mysql://10.155.10.38:4502/db_ultron_tools?useUnicode=true&useSSL=false&characterEncoding=utf8
[DEBUG] [07:41:22.636] [JavaFX Application Thread] [] org.mybatis.generator.logging.LogFactory.setImplementation:105 --> Logging initialized using 'org.mybatis.generator.logging.slf4j.Slf4jLoggingLogFactory@21fbb48d' adapter.
[DEBUG] [07:41:22.639] [JavaFX Application Thread] [] org.mybatis.generator.internal.db.DatabaseIntrospector.getColumns:506 --> Retrieving column information for table "db_ultron_tools.sso_ultron_relation"
[DEBUG] [07:41:22.697] [JavaFX Application Thread] [] org.mybatis.generator.internal.db.DatabaseIntrospector.getColumns:563 --> Found column "id", data type 4, in table "db_ultron_tools..sso_ultron_relation"
[DEBUG] [07:41:22.698] [JavaFX Application Thread] [] org.mybatis.generator.internal.db.DatabaseIntrospector.getColumns:563 --> Found column "account_secret", data type 12, in table "db_ultron_tools..sso_ultron_relation"
[DEBUG] [07:41:22.699] [JavaFX Application Thread] [] org.mybatis.generator.internal.db.DatabaseIntrospector.getColumns:563 --> Found column "create_time", data type 93, in table "db_ultron_tools..sso_ultron_relation"
[DEBUG] [07:41:22.699] [JavaFX Application Thread] [] org.mybatis.generator.internal.db.DatabaseIntrospector.getColumns:563 --> Found column "update_time", data type 93, in table "db_ultron_tools..sso_ultron_relation"
[DEBUG] [07:41:22.700] [JavaFX Application Thread] [] org.mybatis.generator.internal.db.DatabaseIntrospector.getColumns:563 --> Found column "create_id", data type 4, in table "db_ultron_tools..sso_ultron_relation"
[DEBUG] [07:41:22.700] [JavaFX Application Thread] [] org.mybatis.generator.internal.db.DatabaseIntrospector.getColumns:563 --> Found column "update_id", data type 4, in table "db_ultron_tools..sso_ultron_relation"
[DEBUG] [07:41:22.701] [JavaFX Application Thread] [] org.mybatis.generator.internal.db.DatabaseIntrospector.getColumns:563 --> Found column "is_delete", data type -6, in table "db_ultron_tools..sso_ultron_relation"
[INFO] [07:54:19.404] [JavaFX Application Thread] [] com.zzg.mybatis.generator.util.ConnectionManager.getConnection:20 --> database FilePath :/Users/yfs/workspace/utils/generator/./config/sqlite3.db
[INFO] [07:54:24.514] [JavaFX Application Thread] [] com.zzg.mybatis.generator.util.ConfigHelper.getAllJDBCDriverJarPaths:238 --> jar lib path: /Users/yfs/workspace/utils/mybatis-generator-gui/src/main/resources/lib
[INFO] [07:54:24.515] [JavaFX Application Thread] [] com.zzg.mybatis.generator.util.ConfigHelper.getAllJDBCDriverJarPaths:242 --> jar file: /Users/yfs/workspace/utils/mybatis-generator-gui/src/main/resources/lib/mysql-connector-java-5.1.38.jar
[INFO] [07:54:24.515] [JavaFX Application Thread] [] com.zzg.mybatis.generator.util.ConfigHelper.getAllJDBCDriverJarPaths:242 --> jar file: /Users/yfs/workspace/utils/mybatis-generator-gui/src/main/resources/lib/sqljdbc4-4.0.jar
[INFO] [07:54:24.515] [JavaFX Application Thread] [] com.zzg.mybatis.generator.util.ConfigHelper.getAllJDBCDriverJarPaths:242 --> jar file: /Users/yfs/workspace/utils/mybatis-generator-gui/src/main/resources/lib/sqlite-jdbc-3.19.3.jar
[INFO] [07:54:24.515] [JavaFX Application Thread] [] com.zzg.mybatis.generator.util.ConfigHelper.getAllJDBCDriverJarPaths:242 --> jar file: /Users/yfs/workspace/utils/mybatis-generator-gui/src/main/resources/lib/postgresql-9.4.1209.jar
[INFO] [07:54:24.516] [JavaFX Application Thread] [] com.zzg.mybatis.generator.util.ConfigHelper.getAllJDBCDriverJarPaths:242 --> jar file: /Users/yfs/workspace/utils/mybatis-generator-gui/src/main/resources/lib/ojdbc6.jar
[INFO] [07:54:24.516] [JavaFX Application Thread] [] com.zzg.mybatis.generator.util.ConfigHelper.getAllJDBCDriverJarPaths:242 --> jar file: /Users/yfs/workspace/utils/mybatis-generator-gui/src/main/resources/lib/mysql-connector-java-8.0.11.jar
[INFO] [07:54:24.520] [JavaFX Application Thread] [] com.zzg.mybatis.generator.util.DbUtil.loadDbDriver:222 --> load driver class: com.mysql.jdbc.Driver@6435197a
[INFO] [07:54:24.521] [JavaFX Application Thread] [] com.zzg.mybatis.generator.util.DbUtil.getConnectionUrlWithSchema:208 --> getConnectionUrlWithSchema, connection url: jdbc:mysql://10.155.10.38:4502/db_ultron_tools?useUnicode=true&useSSL=false&characterEncoding=utf8
[INFO] [07:54:24.878] [JavaFX Application Thread] [] com.zzg.mybatis.generator.util.DbUtil.getConnection:133 --> getConnection, connection url: com.mysql.jdbc.JDBC4Connection@29605c7c
[INFO] [07:54:40.934] [JavaFX Application Thread] [] com.zzg.mybatis.generator.util.ConfigHelper.findConnectorLibPath:215 --> jar resource: file:/Users/yfs/workspace/utils/mybatis-generator-gui/target/classes/logback.xml
[INFO] [07:54:40.935] [JavaFX Application Thread] [] com.zzg.mybatis.generator.bridge.MybatisGeneratorBridge.generate:66 --> connectorLibPath: /Users/yfs/workspace/utils/mybatis-generator-gui/target/classes/lib/mysql-connector-java-5.1.38.jar
[INFO] [07:54:40.938] [JavaFX Application Thread] [] com.zzg.mybatis.generator.util.DbUtil.getConnectionUrlWithSchema:208 --> getConnectionUrlWithSchema, connection url: jdbc:mysql://10.155.10.38:4502/db_ultron_tools?useUnicode=true&useSSL=false&characterEncoding=utf8
[DEBUG] [07:54:41.330] [JavaFX Application Thread] [] org.mybatis.generator.logging.LogFactory.setImplementation:105 --> Logging initialized using 'org.mybatis.generator.logging.slf4j.Slf4jLoggingLogFactory@741079d3' adapter.
[DEBUG] [07:54:41.333] [JavaFX Application Thread] [] org.mybatis.generator.internal.db.DatabaseIntrospector.getColumns:506 --> Retrieving column information for table "db_ultron_tools.sso_ultron_relation"
[DEBUG] [07:54:41.391] [JavaFX Application Thread] [] org.mybatis.generator.internal.db.DatabaseIntrospector.getColumns:563 --> Found column "id", data type 4, in table "db_ultron_tools..sso_ultron_relation"
[DEBUG] [07:54:41.392] [JavaFX Application Thread] [] org.mybatis.generator.internal.db.DatabaseIntrospector.getColumns:563 --> Found column "account_secret", data type 12, in table "db_ultron_tools..sso_ultron_relation"
[DEBUG] [07:54:41.392] [JavaFX Application Thread] [] org.mybatis.generator.internal.db.DatabaseIntrospector.getColumns:563 --> Found column "create_time", data type 93, in table "db_ultron_tools..sso_ultron_relation"
[DEBUG] [07:54:41.393] [JavaFX Application Thread] [] org.mybatis.generator.internal.db.DatabaseIntrospector.getColumns:563 --> Found column "update_time", data type 93, in table "db_ultron_tools..sso_ultron_relation"
[DEBUG] [07:54:41.393] [JavaFX Application Thread] [] org.mybatis.generator.internal.db.DatabaseIntrospector.getColumns:563 --> Found column "create_id", data type 4, in table "db_ultron_tools..sso_ultron_relation"
[DEBUG] [07:54:41.394] [JavaFX Application Thread] [] org.mybatis.generator.internal.db.DatabaseIntrospector.getColumns:563 --> Found column "update_id", data type 4, in table "db_ultron_tools..sso_ultron_relation"
[DEBUG] [07:54:41.394] [JavaFX Application Thread] [] org.mybatis.generator.internal.db.DatabaseIntrospector.getColumns:563 --> Found column "is_delete", data type -6, in table "db_ultron_tools..sso_ultron_relation"
[INFO] [07:55:56.920] [JavaFX Application Thread] [] com.zzg.mybatis.generator.util.ConnectionManager.getConnection:20 --> database FilePath :/Users/yfs/workspace/utils/generator/./config/sqlite3.db
[INFO] [07:56:01.527] [JavaFX Application Thread] [] com.zzg.mybatis.generator.util.ConfigHelper.getAllJDBCDriverJarPaths:238 --> jar lib path: /Users/yfs/workspace/utils/mybatis-generator-gui/src/main/resources/lib
[INFO] [07:56:01.528] [JavaFX Application Thread] [] com.zzg.mybatis.generator.util.ConfigHelper.getAllJDBCDriverJarPaths:242 --> jar file: /Users/yfs/workspace/utils/mybatis-generator-gui/src/main/resources/lib/mysql-connector-java-5.1.38.jar
[INFO] [07:56:01.528] [JavaFX Application Thread] [] com.zzg.mybatis.generator.util.ConfigHelper.getAllJDBCDriverJarPaths:242 --> jar file: /Users/yfs/workspace/utils/mybatis-generator-gui/src/main/resources/lib/sqljdbc4-4.0.jar
[INFO] [07:56:01.528] [JavaFX Application Thread] [] com.zzg.mybatis.generator.util.ConfigHelper.getAllJDBCDriverJarPaths:242 --> jar file: /Users/yfs/workspace/utils/mybatis-generator-gui/src/main/resources/lib/sqlite-jdbc-3.19.3.jar
[INFO] [07:56:01.528] [JavaFX Application Thread] [] com.zzg.mybatis.generator.util.ConfigHelper.getAllJDBCDriverJarPaths:242 --> jar file: /Users/yfs/workspace/utils/mybatis-generator-gui/src/main/resources/lib/postgresql-9.4.1209.jar
[INFO] [07:56:01.528] [JavaFX Application Thread] [] com.zzg.mybatis.generator.util.ConfigHelper.getAllJDBCDriverJarPaths:242 --> jar file: /Users/yfs/workspace/utils/mybatis-generator-gui/src/main/resources/lib/ojdbc6.jar
[INFO] [07:56:01.529] [JavaFX Application Thread] [] com.zzg.mybatis.generator.util.ConfigHelper.getAllJDBCDriverJarPaths:242 --> jar file: /Users/yfs/workspace/utils/mybatis-generator-gui/src/main/resources/lib/mysql-connector-java-8.0.11.jar
[INFO] [07:56:01.533] [JavaFX Application Thread] [] com.zzg.mybatis.generator.util.DbUtil.loadDbDriver:222 --> load driver class: com.mysql.jdbc.Driver@3b66c607
[INFO] [07:56:01.534] [JavaFX Application Thread] [] com.zzg.mybatis.generator.util.DbUtil.getConnectionUrlWithSchema:208 --> getConnectionUrlWithSchema, connection url: jdbc:mysql://10.155.10.38:4502/db_ultron_tools?useUnicode=true&useSSL=false&characterEncoding=utf8
[INFO] [07:56:01.922] [JavaFX Application Thread] [] com.zzg.mybatis.generator.util.DbUtil.getConnection:133 --> getConnection, connection url: com.mysql.jdbc.JDBC4Connection@365f1fb6
[INFO] [07:56:21.264] [JavaFX Application Thread] [] com.zzg.mybatis.generator.util.ConfigHelper.findConnectorLibPath:215 --> jar resource: file:/Users/yfs/workspace/utils/mybatis-generator-gui/target/classes/logback.xml
[INFO] [07:56:21.265] [JavaFX Application Thread] [] com.zzg.mybatis.generator.bridge.MybatisGeneratorBridge.generate:66 --> connectorLibPath: /Users/yfs/workspace/utils/mybatis-generator-gui/target/classes/lib/mysql-connector-java-5.1.38.jar
[INFO] [07:56:21.266] [JavaFX Application Thread] [] com.zzg.mybatis.generator.util.DbUtil.getConnectionUrlWithSchema:208 --> getConnectionUrlWithSchema, connection url: jdbc:mysql://10.155.10.38:4502/db_ultron_tools?useUnicode=true&useSSL=false&characterEncoding=utf8
[DEBUG] [07:56:21.661] [JavaFX Application Thread] [] org.mybatis.generator.logging.LogFactory.setImplementation:105 --> Logging initialized using 'org.mybatis.generator.logging.slf4j.Slf4jLoggingLogFactory@2e8b998c' adapter.
[DEBUG] [07:56:21.663] [JavaFX Application Thread] [] org.mybatis.generator.internal.db.DatabaseIntrospector.getColumns:506 --> Retrieving column information for table "db_ultron_tools.sso_ultron_relation"
[DEBUG] [07:56:21.714] [JavaFX Application Thread] [] org.mybatis.generator.internal.db.DatabaseIntrospector.getColumns:563 --> Found column "id", data type 4, in table "db_ultron_tools..sso_ultron_relation"
[DEBUG] [07:56:21.715] [JavaFX Application Thread] [] org.mybatis.generator.internal.db.DatabaseIntrospector.getColumns:563 --> Found column "account_secret", data type 12, in table "db_ultron_tools..sso_ultron_relation"
[DEBUG] [07:56:21.716] [JavaFX Application Thread] [] org.mybatis.generator.internal.db.DatabaseIntrospector.getColumns:563 --> Found column "create_time", data type 93, in table "db_ultron_tools..sso_ultron_relation"
[DEBUG] [07:56:21.716] [JavaFX Application Thread] [] org.mybatis.generator.internal.db.DatabaseIntrospector.getColumns:563 --> Found column "update_time", data type 93, in table "db_ultron_tools..sso_ultron_relation"
[DEBUG] [07:56:21.717] [JavaFX Application Thread] [] org.mybatis.generator.internal.db.DatabaseIntrospector.getColumns:563 --> Found column "create_id", data type 4, in table "db_ultron_tools..sso_ultron_relation"
[DEBUG] [07:56:21.717] [JavaFX Application Thread] [] org.mybatis.generator.internal.db.DatabaseIntrospector.getColumns:563 --> Found column "update_id", data type 4, in table "db_ultron_tools..sso_ultron_relation"
[DEBUG] [07:56:21.718] [JavaFX Application Thread] [] org.mybatis.generator.internal.db.DatabaseIntrospector.getColumns:563 --> Found column "is_delete", data type -6, in table "db_ultron_tools..sso_ultron_relation"
[INFO] [07:58:30.511] [JavaFX Application Thread] [] com.zzg.mybatis.generator.util.ConnectionManager.getConnection:20 --> database FilePath :/Users/yfs/workspace/utils/generator/./config/sqlite3.db
[INFO] [07:58:50.807] [JavaFX Application Thread] [] com.zzg.mybatis.generator.util.ConfigHelper.getAllJDBCDriverJarPaths:238 --> jar lib path: /Users/yfs/workspace/utils/mybatis-generator-gui/src/main/resources/lib
[INFO] [07:58:50.810] [JavaFX Application Thread] [] com.zzg.mybatis.generator.util.ConfigHelper.getAllJDBCDriverJarPaths:242 --> jar file: /Users/yfs/workspace/utils/mybatis-generator-gui/src/main/resources/lib/mysql-connector-java-5.1.38.jar
[INFO] [07:58:50.811] [JavaFX Application Thread] [] com.zzg.mybatis.generator.util.ConfigHelper.getAllJDBCDriverJarPaths:242 --> jar file: /Users/yfs/workspace/utils/mybatis-generator-gui/src/main/resources/lib/sqljdbc4-4.0.jar
[INFO] [07:58:50.812] [JavaFX Application Thread] [] com.zzg.mybatis.generator.util.ConfigHelper.getAllJDBCDriverJarPaths:242 --> jar file: /Users/yfs/workspace/utils/mybatis-generator-gui/src/main/resources/lib/sqlite-jdbc-3.19.3.jar
[INFO] [07:58:50.812] [JavaFX Application Thread] [] com.zzg.mybatis.generator.util.ConfigHelper.getAllJDBCDriverJarPaths:242 --> jar file: /Users/yfs/workspace/utils/mybatis-generator-gui/src/main/resources/lib/postgresql-9.4.1209.jar
[INFO] [07:58:50.813] [JavaFX Application Thread] [] com.zzg.mybatis.generator.util.ConfigHelper.getAllJDBCDriverJarPaths:242 --> jar file: /Users/yfs/workspace/utils/mybatis-generator-gui/src/main/resources/lib/ojdbc6.jar
[INFO] [07:58:50.813] [JavaFX Application Thread] [] com.zzg.mybatis.generator.util.ConfigHelper.getAllJDBCDriverJarPaths:242 --> jar file: /Users/yfs/workspace/utils/mybatis-generator-gui/src/main/resources/lib/mysql-connector-java-8.0.11.jar
[INFO] [07:58:50.842] [JavaFX Application Thread] [] com.zzg.mybatis.generator.util.DbUtil.loadDbDriver:222 --> load driver class: com.mysql.jdbc.Driver@4527df05
[INFO] [07:58:50.843] [JavaFX Application Thread] [] com.zzg.mybatis.generator.util.DbUtil.getConnectionUrlWithSchema:208 --> getConnectionUrlWithSchema, connection url: jdbc:mysql://10.155.10.38:4502/db_ultron_tools?useUnicode=true&useSSL=false&characterEncoding=utf8
[INFO] [07:58:51.233] [JavaFX Application Thread] [] com.zzg.mybatis.generator.util.DbUtil.getConnection:133 --> getConnection, connection url: com.mysql.jdbc.JDBC4Connection@36444ea6
[INFO] [07:59:01.169] [JavaFX Application Thread] [] com.zzg.mybatis.generator.util.ConfigHelper.findConnectorLibPath:215 --> jar resource: file:/Users/yfs/workspace/utils/mybatis-generator-gui/target/classes/logback.xml
[INFO] [07:59:01.169] [JavaFX Application Thread] [] com.zzg.mybatis.generator.bridge.MybatisGeneratorBridge.generate:66 --> connectorLibPath: /Users/yfs/workspace/utils/mybatis-generator-gui/target/classes/lib/mysql-connector-java-5.1.38.jar
[INFO] [07:59:01.173] [JavaFX Application Thread] [] com.zzg.mybatis.generator.util.DbUtil.getConnectionUrlWithSchema:208 --> getConnectionUrlWithSchema, connection url: jdbc:mysql://10.155.10.38:4502/db_ultron_tools?useUnicode=true&useSSL=false&characterEncoding=utf8
[DEBUG] [07:59:01.715] [JavaFX Application Thread] [] org.mybatis.generator.logging.LogFactory.setImplementation:105 --> Logging initialized using 'org.mybatis.generator.logging.slf4j.Slf4jLoggingLogFactory@3ca01cb7' adapter.
[DEBUG] [07:59:01.719] [JavaFX Application Thread] [] org.mybatis.generator.internal.db.DatabaseIntrospector.getColumns:506 --> Retrieving column information for table "db_ultron_tools.sso_ultron_relation"
[DEBUG] [07:59:01.772] [JavaFX Application Thread] [] org.mybatis.generator.internal.db.DatabaseIntrospector.getColumns:563 --> Found column "id", data type 4, in table "db_ultron_tools..sso_ultron_relation"
[DEBUG] [07:59:01.773] [JavaFX Application Thread] [] org.mybatis.generator.internal.db.DatabaseIntrospector.getColumns:563 --> Found column "account_secret", data type 12, in table "db_ultron_tools..sso_ultron_relation"
[DEBUG] [07:59:01.773] [JavaFX Application Thread] [] org.mybatis.generator.internal.db.DatabaseIntrospector.getColumns:563 --> Found column "create_time", data type 93, in table "db_ultron_tools..sso_ultron_relation"
[DEBUG] [07:59:01.774] [JavaFX Application Thread] [] org.mybatis.generator.internal.db.DatabaseIntrospector.getColumns:563 --> Found column "update_time", data type 93, in table "db_ultron_tools..sso_ultron_relation"
[DEBUG] [07:59:01.774] [JavaFX Application Thread] [] org.mybatis.generator.internal.db.DatabaseIntrospector.getColumns:563 --> Found column "create_id", data type 4, in table "db_ultron_tools..sso_ultron_relation"
[DEBUG] [07:59:01.775] [JavaFX Application Thread] [] org.mybatis.generator.internal.db.DatabaseIntrospector.getColumns:563 --> Found column "update_id", data type 4, in table "db_ultron_tools..sso_ultron_relation"
[DEBUG] [07:59:01.775] [JavaFX Application Thread] [] org.mybatis.generator.internal.db.DatabaseIntrospector.getColumns:563 --> Found column "is_delete", data type -6, in table "db_ultron_tools..sso_ultron_relation"
[INFO] [10:33:15.516] [JavaFX Application Thread] [] com.zzg.mybatis.generator.util.ConnectionManager.getConnection:20 --> database FilePath :/Users/yfs/workspace/utils/generator/./config/sqlite3.db
[INFO] [10:33:22.186] [JavaFX Application Thread] [] com.zzg.mybatis.generator.util.ConfigHelper.getAllJDBCDriverJarPaths:238 --> jar lib path: /Users/yfs/workspace/utils/mybatis-generator-gui/src/main/resources/lib
[INFO] [10:33:22.187] [JavaFX Application Thread] [] com.zzg.mybatis.generator.util.ConfigHelper.getAllJDBCDriverJarPaths:242 --> jar file: /Users/yfs/workspace/utils/mybatis-generator-gui/src/main/resources/lib/mysql-connector-java-5.1.38.jar
[INFO] [10:33:22.187] [JavaFX Application Thread] [] com.zzg.mybatis.generator.util.ConfigHelper.getAllJDBCDriverJarPaths:242 --> jar file: /Users/yfs/workspace/utils/mybatis-generator-gui/src/main/resources/lib/sqljdbc4-4.0.jar
[INFO] [10:33:22.187] [JavaFX Application Thread] [] com.zzg.mybatis.generator.util.ConfigHelper.getAllJDBCDriverJarPaths:242 --> jar file: /Users/yfs/workspace/utils/mybatis-generator-gui/src/main/resources/lib/sqlite-jdbc-3.19.3.jar
[INFO] [10:33:22.187] [JavaFX Application Thread] [] com.zzg.mybatis.generator.util.ConfigHelper.getAllJDBCDriverJarPaths:242 --> jar file: /Users/yfs/workspace/utils/mybatis-generator-gui/src/main/resources/lib/postgresql-9.4.1209.jar
[INFO] [10:33:22.188] [JavaFX Application Thread] [] com.zzg.mybatis.generator.util.ConfigHelper.getAllJDBCDriverJarPaths:242 --> jar file: /Users/yfs/workspace/utils/mybatis-generator-gui/src/main/resources/lib/ojdbc6.jar
[INFO] [10:33:22.188] [JavaFX Application Thread] [] com.zzg.mybatis.generator.util.ConfigHelper.getAllJDBCDriverJarPaths:242 --> jar file: /Users/yfs/workspace/utils/mybatis-generator-gui/src/main/resources/lib/mysql-connector-java-8.0.11.jar
[INFO] [10:33:22.204] [JavaFX Application Thread] [] com.zzg.mybatis.generator.util.DbUtil.loadDbDriver:222 --> load driver class: com.mysql.jdbc.Driver@7c3f8c9b
[INFO] [10:33:22.206] [JavaFX Application Thread] [] com.zzg.mybatis.generator.util.DbUtil.getConnectionUrlWithSchema:208 --> getConnectionUrlWithSchema, connection url: jdbc:mysql://10.155.10.38:4502/db_ultron_tools?useUnicode=true&useSSL=false&characterEncoding=utf8
[INFO] [10:33:22.857] [JavaFX Application Thread] [] com.zzg.mybatis.generator.util.DbUtil.getConnection:133 --> getConnection, connection url: com.mysql.jdbc.JDBC4Connection@ef12f1d
[INFO] [10:33:54.141] [JavaFX Application Thread] [] com.zzg.mybatis.generator.util.ConfigHelper.findConnectorLibPath:215 --> jar resource: file:/Users/yfs/workspace/utils/mybatis-generator-gui/target/classes/logback.xml
[INFO] [10:33:54.141] [JavaFX Application Thread] [] com.zzg.mybatis.generator.bridge.MybatisGeneratorBridge.generate:66 --> connectorLibPath: /Users/yfs/workspace/utils/mybatis-generator-gui/target/classes/lib/mysql-connector-java-5.1.38.jar
[INFO] [10:35:25.238] [JavaFX Application Thread] [] com.zzg.mybatis.generator.util.DbUtil.getConnectionUrlWithSchema:208 --> getConnectionUrlWithSchema, connection url: jdbc:mysql://10.155.10.38:4502/db_ultron_tools?useUnicode=true&useSSL=false&characterEncoding=utf8
[DEBUG] [10:37:41.525] [JavaFX Application Thread] [] org.mybatis.generator.logging.LogFactory.setImplementation:105 --> Logging initialized using 'org.mybatis.generator.logging.slf4j.Slf4jLoggingLogFactory@7266ae32' adapter.
[DEBUG] [10:38:29.827] [JavaFX Application Thread] [] org.mybatis.generator.internal.db.DatabaseIntrospector.getColumns:506 --> Retrieving column information for table "db_ultron_tools.sso_ultron_relation"
[DEBUG] [10:38:30.834] [JavaFX Application Thread] [] org.mybatis.generator.internal.db.DatabaseIntrospector.getColumns:563 --> Found column "id", data type 4, in table "db_ultron_tools..sso_ultron_relation"
[DEBUG] [10:38:30.836] [JavaFX Application Thread] [] org.mybatis.generator.internal.db.DatabaseIntrospector.getColumns:563 --> Found column "account_secret", data type 12, in table "db_ultron_tools..sso_ultron_relation"
[DEBUG] [10:38:30.838] [JavaFX Application Thread] [] org.mybatis.generator.internal.db.DatabaseIntrospector.getColumns:563 --> Found column "create_time", data type 93, in table "db_ultron_tools..sso_ultron_relation"
[DEBUG] [10:38:30.839] [JavaFX Application Thread] [] org.mybatis.generator.internal.db.DatabaseIntrospector.getColumns:563 --> Found column "update_time", data type 93, in table "db_ultron_tools..sso_ultron_relation"
[DEBUG] [10:38:30.840] [JavaFX Application Thread] [] org.mybatis.generator.internal.db.DatabaseIntrospector.getColumns:563 --> Found column "create_id", data type 4, in table "db_ultron_tools..sso_ultron_relation"
[DEBUG] [10:38:30.842] [JavaFX Application Thread] [] org.mybatis.generator.internal.db.DatabaseIntrospector.getColumns:563 --> Found column "update_id", data type 4, in table "db_ultron_tools..sso_ultron_relation"
[DEBUG] [10:38:30.843] [JavaFX Application Thread] [] org.mybatis.generator.internal.db.DatabaseIntrospector.getColumns:563 --> Found column "is_delete", data type -6, in table "db_ultron_tools..sso_ultron_relation"
